INFO:     Will watch for changes in these directories: ['/Users/angelzamudio/Backend']
/Users/angelzamudio/Backend/.venv/lib/python3.14/site-packages/pydantic/_internal/_config.py:386: UserWarning: Valid config keys have changed in V2:
* 'orm_mode' has been renamed to 'from_attributes'
  warnings.warn(message, UserWarning)
INFO:     Uvicorn running on http://127.0.0.1:8000 (Press CTRL+C to quit)
INFO:     Started reloader process [38376] using WatchFiles
/Users/angelzamudio/Backend/.venv/lib/python3.14/site-packages/pydantic/_internal/_config.py:386: UserWarning: Valid config keys have changed in V2:
* 'orm_mode' has been renamed to 'from_attributes'
  warnings.warn(message, UserWarning)
INFO:     Started server process [38410]
INFO:     Waiting for application startup.
INFO:     Application startup complete.
INFO:     127.0.0.1:54361 - "GET /api/v1/health HTTP/1.1" 200 OK
WARNING:  WatchFiles detected changes in 'app/main.py'. Reloading...
INFO:     Shutting down
INFO:     Waiting for application shutdown.
INFO:     Application shutdown complete.
INFO:     Finished server process [38410]
Process SpawnProcess-2:
Traceback (most recent call last):
  File "/opt/homebrew/Cellar/python@3.14/3.14.2/Frameworks/Python.framework/Versions/3.14/lib/python3.14/multiprocessing/process.py", line 320, in _bootstrap
    self.run()
    ~~~~~~~~^^
  File "/opt/homebrew/Cellar/python@3.14/3.14.2/Frameworks/Python.framework/Versions/3.14/lib/python3.14/multiprocessing/process.py", line 108, in run
    self._target(*self._args, **self._kwargs)
    ~~~~~~~~~~~~^^^^^^^^^^^^^^^^^^^^^^^^^^^^^
  File "/Users/angelzamudio/Backend/.venv/lib/python3.14/site-packages/uvicorn/_subprocess.py", line 80, in subprocess_started
    target(sockets=sockets)
    ~~~~~~^^^^^^^^^^^^^^^^^
  File "/Users/angelzamudio/Backend/.venv/lib/python3.14/site-packages/uvicorn/server.py", line 75, in run
    return asyncio_run(self.serve(sockets=sockets), loop_factory=self.config.get_loop_factory())
  File "/opt/homebrew/Cellar/python@3.14/3.14.2/Frameworks/Python.framework/Versions/3.14/lib/python3.14/asyncio/runners.py", line 204, in run
    return runner.run(main)
           ~~~~~~~~~~^^^^^^
  File "/opt/homebrew/Cellar/python@3.14/3.14.2/Frameworks/Python.framework/Versions/3.14/lib/python3.14/asyncio/runners.py", line 127, in run
    return self._loop.run_until_complete(task)
           ~~~~~~~~~~~~~~~~~~~~~~~~~~~~~^^^^^^
  File "uvloop/loop.pyx", line 1518, in uvloop.loop.Loop.run_until_complete
  File "/Users/angelzamudio/Backend/.venv/lib/python3.14/site-packages/uvicorn/server.py", line 79, in serve
    await self._serve(sockets)
  File "/Users/angelzamudio/Backend/.venv/lib/python3.14/site-packages/uvicorn/server.py", line 86, in _serve
    config.load()
    ~~~~~~~~~~~^^
  File "/Users/angelzamudio/Backend/.venv/lib/python3.14/site-packages/uvicorn/config.py", line 481, in load
    self.loaded_app = self.load_app()
                      ~~~~~~~~~~~~~^^
  File "/Users/angelzamudio/Backend/.venv/lib/python3.14/site-packages/uvicorn/config.py", line 415, in load_app
    return import_from_string(self.app)
  File "/Users/angelzamudio/Backend/.venv/lib/python3.14/site-packages/uvicorn/importer.py", line 19, in import_from_string
    module = importlib.import_module(module_str)
  File "/opt/homebrew/Cellar/python@3.14/3.14.2/Frameworks/Python.framework/Versions/3.14/lib/python3.14/importlib/__init__.py", line 88, in import_module
    return _bootstrap._gcd_import(name[level:], package, level)
           ~~~~~~~~~~~~~~~~~~~~~~^^^^^^^^^^^^^^^^^^^^^^^^^^^^^^
  File "<frozen importlib._bootstrap>", line 1398, in _gcd_import
  File "<frozen importlib._bootstrap>", line 1371, in _find_and_load
  File "<frozen importlib._bootstrap>", line 1342, in _find_and_load_unlocked
  File "<frozen importlib._bootstrap>", line 938, in _load_unlocked
  File "<frozen importlib._bootstrap_external>", line 755, in exec_module
  File "<frozen importlib._bootstrap_external>", line 893, in get_code
  File "<frozen importlib._bootstrap_external>", line 823, in source_to_code
  File "<frozen importlib._bootstrap>", line 491, in _call_with_frames_removed
SyntaxError: source code string cannot contain null bytes
WARNING:  WatchFiles detected changes in 'app/core/http_client.py'. Reloading...
Process SpawnProcess-3:
Traceback (most recent call last):
  File "/opt/homebrew/Cellar/python@3.14/3.14.2/Frameworks/Python.framework/Versions/3.14/lib/python3.14/multiprocessing/process.py", line 320, in _bootstrap
    self.run()
    ~~~~~~~~^^
  File "/opt/homebrew/Cellar/python@3.14/3.14.2/Frameworks/Python.framework/Versions/3.14/lib/python3.14/multiprocessing/process.py", line 108, in run
    self._target(*self._args, **self._kwargs)
    ~~~~~~~~~~~~^^^^^^^^^^^^^^^^^^^^^^^^^^^^^
  File "/Users/angelzamudio/Backend/.venv/lib/python3.14/site-packages/uvicorn/_subprocess.py", line 80, in subprocess_started
    target(sockets=sockets)
    ~~~~~~^^^^^^^^^^^^^^^^^
  File "/Users/angelzamudio/Backend/.venv/lib/python3.14/site-packages/uvicorn/server.py", line 75, in run
    return asyncio_run(self.serve(sockets=sockets), loop_factory=self.config.get_loop_factory())
  File "/opt/homebrew/Cellar/python@3.14/3.14.2/Frameworks/Python.framework/Versions/3.14/lib/python3.14/asyncio/runners.py", line 204, in run
    return runner.run(main)
           ~~~~~~~~~~^^^^^^
  File "/opt/homebrew/Cellar/python@3.14/3.14.2/Frameworks/Python.framework/Versions/3.14/lib/python3.14/asyncio/runners.py", line 127, in run
    return self._loop.run_until_complete(task)
           ~~~~~~~~~~~~~~~~~~~~~~~~~~~~~^^^^^^
  File "uvloop/loop.pyx", line 1518, in uvloop.loop.Loop.run_until_complete
  File "/Users/angelzamudio/Backend/.venv/lib/python3.14/site-packages/uvicorn/server.py", line 79, in serve
    await self._serve(sockets)
  File "/Users/angelzamudio/Backend/.venv/lib/python3.14/site-packages/uvicorn/server.py", line 86, in _serve
    config.load()
    ~~~~~~~~~~~^^
  File "/Users/angelzamudio/Backend/.venv/lib/python3.14/site-packages/uvicorn/config.py", line 481, in load
    self.loaded_app = self.load_app()
                      ~~~~~~~~~~~~~^^
  File "/Users/angelzamudio/Backend/.venv/lib/python3.14/site-packages/uvicorn/config.py", line 415, in load_app
    return import_from_string(self.app)
  File "/Users/angelzamudio/Backend/.venv/lib/python3.14/site-packages/uvicorn/importer.py", line 19, in import_from_string
    module = importlib.import_module(module_str)
  File "/opt/homebrew/Cellar/python@3.14/3.14.2/Frameworks/Python.framework/Versions/3.14/lib/python3.14/importlib/__init__.py", line 88, in import_module
    return _bootstrap._gcd_import(name[level:], package, level)
           ~~~~~~~~~~~~~~~~~~~~~~^^^^^^^^^^^^^^^^^^^^^^^^^^^^^^
  File "<frozen importlib._bootstrap>", line 1398, in _gcd_import
  File "<frozen importlib._bootstrap>", line 1371, in _find_and_load
  File "<frozen importlib._bootstrap>", line 1342, in _find_and_load_unlocked
  File "<frozen importlib._bootstrap>", line 938, in _load_unlocked
  File "<frozen importlib._bootstrap_external>", line 755, in exec_module
  File "<frozen importlib._bootstrap_external>", line 893, in get_code
  File "<frozen importlib._bootstrap_external>", line 823, in source_to_code
  File "<frozen importlib._bootstrap>", line 491, in _call_with_frames_removed
SyntaxError: source code string cannot contain null bytes
WARNING:  WatchFiles detected changes in 'app/core/http_client.py'. Reloading...
Process SpawnProcess-4:
Traceback (most recent call last):
  File "/opt/homebrew/Cellar/python@3.14/3.14.2/Frameworks/Python.framework/Versions/3.14/lib/python3.14/multiprocessing/process.py", line 320, in _bootstrap
    self.run()
    ~~~~~~~~^^
  File "/opt/homebrew/Cellar/python@3.14/3.14.2/Frameworks/Python.framework/Versions/3.14/lib/python3.14/multiprocessing/process.py", line 108, in run
    self._target(*self._args, **self._kwargs)
    ~~~~~~~~~~~~^^^^^^^^^^^^^^^^^^^^^^^^^^^^^
  File "/Users/angelzamudio/Backend/.venv/lib/python3.14/site-packages/uvicorn/_subprocess.py", line 80, in subprocess_started
    target(sockets=sockets)
    ~~~~~~^^^^^^^^^^^^^^^^^
  File "/Users/angelzamudio/Backend/.venv/lib/python3.14/site-packages/uvicorn/server.py", line 75, in run
    return asyncio_run(self.serve(sockets=sockets), loop_factory=self.config.get_loop_factory())
  File "/opt/homebrew/Cellar/python@3.14/3.14.2/Frameworks/Python.framework/Versions/3.14/lib/python3.14/asyncio/runners.py", line 204, in run
    return runner.run(main)
           ~~~~~~~~~~^^^^^^
  File "/opt/homebrew/Cellar/python@3.14/3.14.2/Frameworks/Python.framework/Versions/3.14/lib/python3.14/asyncio/runners.py", line 127, in run
    return self._loop.run_until_complete(task)
           ~~~~~~~~~~~~~~~~~~~~~~~~~~~~~^^^^^^
  File "uvloop/loop.pyx", line 1518, in uvloop.loop.Loop.run_until_complete
  File "/Users/angelzamudio/Backend/.venv/lib/python3.14/site-packages/uvicorn/server.py", line 79, in serve
    await self._serve(sockets)
  File "/Users/angelzamudio/Backend/.venv/lib/python3.14/site-packages/uvicorn/server.py", line 86, in _serve
    config.load()
    ~~~~~~~~~~~^^
  File "/Users/angelzamudio/Backend/.venv/lib/python3.14/site-packages/uvicorn/config.py", line 481, in load
    self.loaded_app = self.load_app()
                      ~~~~~~~~~~~~~^^
  File "/Users/angelzamudio/Backend/.venv/lib/python3.14/site-packages/uvicorn/config.py", line 415, in load_app
    return import_from_string(self.app)
  File "/Users/angelzamudio/Backend/.venv/lib/python3.14/site-packages/uvicorn/importer.py", line 19, in import_from_string
    module = importlib.import_module(module_str)
  File "/opt/homebrew/Cellar/python@3.14/3.14.2/Frameworks/Python.framework/Versions/3.14/lib/python3.14/importlib/__init__.py", line 88, in import_module
    return _bootstrap._gcd_import(name[level:], package, level)
           ~~~~~~~~~~~~~~~~~~~~~~^^^^^^^^^^^^^^^^^^^^^^^^^^^^^^
  File "<frozen importlib._bootstrap>", line 1398, in _gcd_import
  File "<frozen importlib._bootstrap>", line 1371, in _find_and_load
  File "<frozen importlib._bootstrap>", line 1342, in _find_and_load_unlocked
  File "<frozen importlib._bootstrap>", line 938, in _load_unlocked
  File "<frozen importlib._bootstrap_external>", line 755, in exec_module
  File "<frozen importlib._bootstrap_external>", line 893, in get_code
  File "<frozen importlib._bootstrap_external>", line 823, in source_to_code
  File "<frozen importlib._bootstrap>", line 491, in _call_with_frames_removed
SyntaxError: source code string cannot contain null bytes
WARNING:  WatchFiles detected changes in 'app/services/engine_client.py'. Reloading...
Process SpawnProcess-5:
Traceback (most recent call last):
  File "/opt/homebrew/Cellar/python@3.14/3.14.2/Frameworks/Python.framework/Versions/3.14/lib/python3.14/multiprocessing/process.py", line 320, in _bootstrap
    self.run()
    ~~~~~~~~^^
  File "/opt/homebrew/Cellar/python@3.14/3.14.2/Frameworks/Python.framework/Versions/3.14/lib/python3.14/multiprocessing/process.py", line 108, in run
    self._target(*self._args, **self._kwargs)
    ~~~~~~~~~~~~^^^^^^^^^^^^^^^^^^^^^^^^^^^^^
  File "/Users/angelzamudio/Backend/.venv/lib/python3.14/site-packages/uvicorn/_subprocess.py", line 80, in subprocess_started
    target(sockets=sockets)
    ~~~~~~^^^^^^^^^^^^^^^^^
  File "/Users/angelzamudio/Backend/.venv/lib/python3.14/site-packages/uvicorn/server.py", line 75, in run
    return asyncio_run(self.serve(sockets=sockets), loop_factory=self.config.get_loop_factory())
  File "/opt/homebrew/Cellar/python@3.14/3.14.2/Frameworks/Python.framework/Versions/3.14/lib/python3.14/asyncio/runners.py", line 204, in run
    return runner.run(main)
           ~~~~~~~~~~^^^^^^
  File "/opt/homebrew/Cellar/python@3.14/3.14.2/Frameworks/Python.framework/Versions/3.14/lib/python3.14/asyncio/runners.py", line 127, in run
    return self._loop.run_until_complete(task)
           ~~~~~~~~~~~~~~~~~~~~~~~~~~~~~^^^^^^
  File "uvloop/loop.pyx", line 1518, in uvloop.loop.Loop.run_until_complete
  File "/Users/angelzamudio/Backend/.venv/lib/python3.14/site-packages/uvicorn/server.py", line 79, in serve
    await self._serve(sockets)
  File "/Users/angelzamudio/Backend/.venv/lib/python3.14/site-packages/uvicorn/server.py", line 86, in _serve
    config.load()
    ~~~~~~~~~~~^^
  File "/Users/angelzamudio/Backend/.venv/lib/python3.14/site-packages/uvicorn/config.py", line 481, in load
    self.loaded_app = self.load_app()
                      ~~~~~~~~~~~~~^^
  File "/Users/angelzamudio/Backend/.venv/lib/python3.14/site-packages/uvicorn/config.py", line 415, in load_app
    return import_from_string(self.app)
  File "/Users/angelzamudio/Backend/.venv/lib/python3.14/site-packages/uvicorn/importer.py", line 19, in import_from_string
    module = importlib.import_module(module_str)
  File "/opt/homebrew/Cellar/python@3.14/3.14.2/Frameworks/Python.framework/Versions/3.14/lib/python3.14/importlib/__init__.py", line 88, in import_module
    return _bootstrap._gcd_import(name[level:], package, level)
           ~~~~~~~~~~~~~~~~~~~~~~^^^^^^^^^^^^^^^^^^^^^^^^^^^^^^
  File "<frozen importlib._bootstrap>", line 1398, in _gcd_import
  File "<frozen importlib._bootstrap>", line 1371, in _find_and_load
  File "<frozen importlib._bootstrap>", line 1342, in _find_and_load_unlocked
  File "<frozen importlib._bootstrap>", line 938, in _load_unlocked
  File "<frozen importlib._bootstrap_external>", line 755, in exec_module
  File "<frozen importlib._bootstrap_external>", line 893, in get_code
  File "<frozen importlib._bootstrap_external>", line 823, in source_to_code
  File "<frozen importlib._bootstrap>", line 491, in _call_with_frames_removed
SyntaxError: source code string cannot contain null bytes
WARNING:  WatchFiles detected changes in 'app/api/v1/endpoints/simulations.py'. Reloading...
Process SpawnProcess-6:
Traceback (most recent call last):
  File "/opt/homebrew/Cellar/python@3.14/3.14.2/Frameworks/Python.framework/Versions/3.14/lib/python3.14/multiprocessing/process.py", line 320, in _bootstrap
    self.run()
    ~~~~~~~~^^
  File "/opt/homebrew/Cellar/python@3.14/3.14.2/Frameworks/Python.framework/Versions/3.14/lib/python3.14/multiprocessing/process.py", line 108, in run
    self._target(*self._args, **self._kwargs)
    ~~~~~~~~~~~~^^^^^^^^^^^^^^^^^^^^^^^^^^^^^
  File "/Users/angelzamudio/Backend/.venv/lib/python3.14/site-packages/uvicorn/_subprocess.py", line 80, in subprocess_started
    target(sockets=sockets)
    ~~~~~~^^^^^^^^^^^^^^^^^
  File "/Users/angelzamudio/Backend/.venv/lib/python3.14/site-packages/uvicorn/server.py", line 75, in run
    return asyncio_run(self.serve(sockets=sockets), loop_factory=self.config.get_loop_factory())
  File "/opt/homebrew/Cellar/python@3.14/3.14.2/Frameworks/Python.framework/Versions/3.14/lib/python3.14/asyncio/runners.py", line 204, in run
    return runner.run(main)
           ~~~~~~~~~~^^^^^^
  File "/opt/homebrew/Cellar/python@3.14/3.14.2/Frameworks/Python.framework/Versions/3.14/lib/python3.14/asyncio/runners.py", line 127, in run
    return self._loop.run_until_complete(task)
           ~~~~~~~~~~~~~~~~~~~~~~~~~~~~~^^^^^^
  File "uvloop/loop.pyx", line 1518, in uvloop.loop.Loop.run_until_complete
  File "/Users/angelzamudio/Backend/.venv/lib/python3.14/site-packages/uvicorn/server.py", line 79, in serve
    await self._serve(sockets)
  File "/Users/angelzamudio/Backend/.venv/lib/python3.14/site-packages/uvicorn/server.py", line 86, in _serve
    config.load()
    ~~~~~~~~~~~^^
  File "/Users/angelzamudio/Backend/.venv/lib/python3.14/site-packages/uvicorn/config.py", line 481, in load
    self.loaded_app = self.load_app()
                      ~~~~~~~~~~~~~^^
  File "/Users/angelzamudio/Backend/.venv/lib/python3.14/site-packages/uvicorn/config.py", line 415, in load_app
    return import_from_string(self.app)
  File "/Users/angelzamudio/Backend/.venv/lib/python3.14/site-packages/uvicorn/importer.py", line 19, in import_from_string
    module = importlib.import_module(module_str)
  File "/opt/homebrew/Cellar/python@3.14/3.14.2/Frameworks/Python.framework/Versions/3.14/lib/python3.14/importlib/__init__.py", line 88, in import_module
    return _bootstrap._gcd_import(name[level:], package, level)
           ~~~~~~~~~~~~~~~~~~~~~~^^^^^^^^^^^^^^^^^^^^^^^^^^^^^^
  File "<frozen importlib._bootstrap>", line 1398, in _gcd_import
  File "<frozen importlib._bootstrap>", line 1371, in _find_and_load
  File "<frozen importlib._bootstrap>", line 1342, in _find_and_load_unlocked
  File "<frozen importlib._bootstrap>", line 938, in _load_unlocked
  File "<frozen importlib._bootstrap_external>", line 755, in exec_module
  File "<frozen importlib._bootstrap_external>", line 893, in get_code
  File "<frozen importlib._bootstrap_external>", line 823, in source_to_code
  File "<frozen importlib._bootstrap>", line 491, in _call_with_frames_removed
SyntaxError: source code string cannot contain null bytes
WARNING:  WatchFiles detected changes in 'app/api/v1/endpoints/simulations.py'. Reloading...
Process SpawnProcess-7:
Traceback (most recent call last):
  File "/opt/homebrew/Cellar/python@3.14/3.14.2/Frameworks/Python.framework/Versions/3.14/lib/python3.14/multiprocessing/process.py", line 320, in _bootstrap
    self.run()
    ~~~~~~~~^^
  File "/opt/homebrew/Cellar/python@3.14/3.14.2/Frameworks/Python.framework/Versions/3.14/lib/python3.14/multiprocessing/process.py", line 108, in run
    self._target(*self._args, **self._kwargs)
    ~~~~~~~~~~~~^^^^^^^^^^^^^^^^^^^^^^^^^^^^^
  File "/Users/angelzamudio/Backend/.venv/lib/python3.14/site-packages/uvicorn/_subprocess.py", line 80, in subprocess_started
    target(sockets=sockets)
    ~~~~~~^^^^^^^^^^^^^^^^^
  File "/Users/angelzamudio/Backend/.venv/lib/python3.14/site-packages/uvicorn/server.py", line 75, in run
    return asyncio_run(self.serve(sockets=sockets), loop_factory=self.config.get_loop_factory())
  File "/opt/homebrew/Cellar/python@3.14/3.14.2/Frameworks/Python.framework/Versions/3.14/lib/python3.14/asyncio/runners.py", line 204, in run
    return runner.run(main)
           ~~~~~~~~~~^^^^^^
  File "/opt/homebrew/Cellar/python@3.14/3.14.2/Frameworks/Python.framework/Versions/3.14/lib/python3.14/asyncio/runners.py", line 127, in run
    return self._loop.run_until_complete(task)
           ~~~~~~~~~~~~~~~~~~~~~~~~~~~~~^^^^^^
  File "uvloop/loop.pyx", line 1518, in uvloop.loop.Loop.run_until_complete
  File "/Users/angelzamudio/Backend/.venv/lib/python3.14/site-packages/uvicorn/server.py", line 79, in serve
    await self._serve(sockets)
  File "/Users/angelzamudio/Backend/.venv/lib/python3.14/site-packages/uvicorn/server.py", line 86, in _serve
    config.load()
    ~~~~~~~~~~~^^
  File "/Users/angelzamudio/Backend/.venv/lib/python3.14/site-packages/uvicorn/config.py", line 481, in load
    self.loaded_app = self.load_app()
                      ~~~~~~~~~~~~~^^
  File "/Users/angelzamudio/Backend/.venv/lib/python3.14/site-packages/uvicorn/config.py", line 415, in load_app
    return import_from_string(self.app)
  File "/Users/angelzamudio/Backend/.venv/lib/python3.14/site-packages/uvicorn/importer.py", line 19, in import_from_string
    module = importlib.import_module(module_str)
  File "/opt/homebrew/Cellar/python@3.14/3.14.2/Frameworks/Python.framework/Versions/3.14/lib/python3.14/importlib/__init__.py", line 88, in import_module
    return _bootstrap._gcd_import(name[level:], package, level)
           ~~~~~~~~~~~~~~~~~~~~~~^^^^^^^^^^^^^^^^^^^^^^^^^^^^^^
  File "<frozen importlib._bootstrap>", line 1398, in _gcd_import
  File "<frozen importlib._bootstrap>", line 1371, in _find_and_load
  File "<frozen importlib._bootstrap>", line 1342, in _find_and_load_unlocked
  File "<frozen importlib._bootstrap>", line 938, in _load_unlocked
  File "<frozen importlib._bootstrap_external>", line 755, in exec_module
  File "<frozen importlib._bootstrap_external>", line 893, in get_code
  File "<frozen importlib._bootstrap_external>", line 823, in source_to_code
  File "<frozen importlib._bootstrap>", line 491, in _call_with_frames_removed
SyntaxError: source code string cannot contain null bytes
WARNING:  WatchFiles detected changes in 'app/services/engine_client.py'. Reloading...
Process SpawnProcess-8:
Traceback (most recent call last):
  File "/opt/homebrew/Cellar/python@3.14/3.14.2/Frameworks/Python.framework/Versions/3.14/lib/python3.14/multiprocessing/process.py", line 320, in _bootstrap
    self.run()
    ~~~~~~~~^^
  File "/opt/homebrew/Cellar/python@3.14/3.14.2/Frameworks/Python.framework/Versions/3.14/lib/python3.14/multiprocessing/process.py", line 108, in run
    self._target(*self._args, **self._kwargs)
    ~~~~~~~~~~~~^^^^^^^^^^^^^^^^^^^^^^^^^^^^^
  File "/Users/angelzamudio/Backend/.venv/lib/python3.14/site-packages/uvicorn/_subprocess.py", line 80, in subprocess_started
    target(sockets=sockets)
    ~~~~~~^^^^^^^^^^^^^^^^^
  File "/Users/angelzamudio/Backend/.venv/lib/python3.14/site-packages/uvicorn/server.py", line 75, in run
    return asyncio_run(self.serve(sockets=sockets), loop_factory=self.config.get_loop_factory())
  File "/opt/homebrew/Cellar/python@3.14/3.14.2/Frameworks/Python.framework/Versions/3.14/lib/python3.14/asyncio/runners.py", line 204, in run
    return runner.run(main)
           ~~~~~~~~~~^^^^^^
  File "/opt/homebrew/Cellar/python@3.14/3.14.2/Frameworks/Python.framework/Versions/3.14/lib/python3.14/asyncio/runners.py", line 127, in run
    return self._loop.run_until_complete(task)
           ~~~~~~~~~~~~~~~~~~~~~~~~~~~~~^^^^^^
  File "uvloop/loop.pyx", line 1518, in uvloop.loop.Loop.run_until_complete
  File "/Users/angelzamudio/Backend/.venv/lib/python3.14/site-packages/uvicorn/server.py", line 79, in serve
    await self._serve(sockets)
  File "/Users/angelzamudio/Backend/.venv/lib/python3.14/site-packages/uvicorn/server.py", line 86, in _serve
    config.load()
    ~~~~~~~~~~~^^
  File "/Users/angelzamudio/Backend/.venv/lib/python3.14/site-packages/uvicorn/config.py", line 481, in load
    self.loaded_app = self.load_app()
                      ~~~~~~~~~~~~~^^
  File "/Users/angelzamudio/Backend/.venv/lib/python3.14/site-packages/uvicorn/config.py", line 415, in load_app
    return import_from_string(self.app)
  File "/Users/angelzamudio/Backend/.venv/lib/python3.14/site-packages/uvicorn/importer.py", line 19, in import_from_string
    module = importlib.import_module(module_str)
  File "/opt/homebrew/Cellar/python@3.14/3.14.2/Frameworks/Python.framework/Versions/3.14/lib/python3.14/importlib/__init__.py", line 88, in import_module
    return _bootstrap._gcd_import(name[level:], package, level)
           ~~~~~~~~~~~~~~~~~~~~~~^^^^^^^^^^^^^^^^^^^^^^^^^^^^^^
  File "<frozen importlib._bootstrap>", line 1398, in _gcd_import
  File "<frozen importlib._bootstrap>", line 1371, in _find_and_load
  File "<frozen importlib._bootstrap>", line 1342, in _find_and_load_unlocked
  File "<frozen importlib._bootstrap>", line 938, in _load_unlocked
  File "<frozen importlib._bootstrap_external>", line 755, in exec_module
  File "<frozen importlib._bootstrap_external>", line 893, in get_code
  File "<frozen importlib._bootstrap_external>", line 823, in source_to_code
  File "<frozen importlib._bootstrap>", line 491, in _call_with_frames_removed
SyntaxError: source code string cannot contain null bytes
WARNING:  WatchFiles detected changes in 'app/core/http_client.py', 'app/services/engine_client.py', 'app/main.py', 'app/api/v1/endpoints/simulations.py'. Reloading...
Process SpawnProcess-9:
Traceback (most recent call last):
  File "/opt/homebrew/Cellar/python@3.14/3.14.2/Frameworks/Python.framework/Versions/3.14/lib/python3.14/multiprocessing/process.py", line 320, in _bootstrap
    self.run()
    ~~~~~~~~^^
  File "/opt/homebrew/Cellar/python@3.14/3.14.2/Frameworks/Python.framework/Versions/3.14/lib/python3.14/multiprocessing/process.py", line 108, in run
    self._target(*self._args, **self._kwargs)
    ~~~~~~~~~~~~^^^^^^^^^^^^^^^^^^^^^^^^^^^^^
  File "/Users/angelzamudio/Backend/.venv/lib/python3.14/site-packages/uvicorn/_subprocess.py", line 80, in subprocess_started
    target(sockets=sockets)
    ~~~~~~^^^^^^^^^^^^^^^^^
  File "/Users/angelzamudio/Backend/.venv/lib/python3.14/site-packages/uvicorn/server.py", line 75, in run
    return asyncio_run(self.serve(sockets=sockets), loop_factory=self.config.get_loop_factory())
  File "/opt/homebrew/Cellar/python@3.14/3.14.2/Frameworks/Python.framework/Versions/3.14/lib/python3.14/asyncio/runners.py", line 204, in run
    return runner.run(main)
           ~~~~~~~~~~^^^^^^
  File "/opt/homebrew/Cellar/python@3.14/3.14.2/Frameworks/Python.framework/Versions/3.14/lib/python3.14/asyncio/runners.py", line 127, in run
    return self._loop.run_until_complete(task)
           ~~~~~~~~~~~~~~~~~~~~~~~~~~~~~^^^^^^
  File "uvloop/loop.pyx", line 1518, in uvloop.loop.Loop.run_until_complete
  File "/Users/angelzamudio/Backend/.venv/lib/python3.14/site-packages/uvicorn/server.py", line 79, in serve
    await self._serve(sockets)
  File "/Users/angelzamudio/Backend/.venv/lib/python3.14/site-packages/uvicorn/server.py", line 86, in _serve
    config.load()
    ~~~~~~~~~~~^^
  File "/Users/angelzamudio/Backend/.venv/lib/python3.14/site-packages/uvicorn/config.py", line 481, in load
    self.loaded_app = self.load_app()
                      ~~~~~~~~~~~~~^^
  File "/Users/angelzamudio/Backend/.venv/lib/python3.14/site-packages/uvicorn/config.py", line 415, in load_app
    return import_from_string(self.app)
  File "/Users/angelzamudio/Backend/.venv/lib/python3.14/site-packages/uvicorn/importer.py", line 19, in import_from_string
    module = importlib.import_module(module_str)
  File "/opt/homebrew/Cellar/python@3.14/3.14.2/Frameworks/Python.framework/Versions/3.14/lib/python3.14/importlib/__init__.py", line 88, in import_module
    return _bootstrap._gcd_import(name[level:], package, level)
           ~~~~~~~~~~~~~~~~~~~~~~^^^^^^^^^^^^^^^^^^^^^^^^^^^^^^
  File "<frozen importlib._bootstrap>", line 1398, in _gcd_import
  File "<frozen importlib._bootstrap>", line 1371, in _find_and_load
  File "<frozen importlib._bootstrap>", line 1342, in _find_and_load_unlocked
  File "<frozen importlib._bootstrap>", line 938, in _load_unlocked
  File "<frozen importlib._bootstrap_external>", line 755, in exec_module
  File "<frozen importlib._bootstrap_external>", line 893, in get_code
  File "<frozen importlib._bootstrap_external>", line 823, in source_to_code
  File "<frozen importlib._bootstrap>", line 491, in _call_with_frames_removed
SyntaxError: source code string cannot contain null bytes
WARNING:  WatchFiles detected changes in 'app/core/http_client.py'. Reloading...
Process SpawnProcess-10:
Traceback (most recent call last):
  File "/opt/homebrew/Cellar/python@3.14/3.14.2/Frameworks/Python.framework/Versions/3.14/lib/python3.14/multiprocessing/process.py", line 320, in _bootstrap
    self.run()
    ~~~~~~~~^^
  File "/opt/homebrew/Cellar/python@3.14/3.14.2/Frameworks/Python.framework/Versions/3.14/lib/python3.14/multiprocessing/process.py", line 108, in run
    self._target(*self._args, **self._kwargs)
    ~~~~~~~~~~~~^^^^^^^^^^^^^^^^^^^^^^^^^^^^^
  File "/Users/angelzamudio/Backend/.venv/lib/python3.14/site-packages/uvicorn/_subprocess.py", line 80, in subprocess_started
    target(sockets=sockets)
    ~~~~~~^^^^^^^^^^^^^^^^^
  File "/Users/angelzamudio/Backend/.venv/lib/python3.14/site-packages/uvicorn/server.py", line 75, in run
    return asyncio_run(self.serve(sockets=sockets), loop_factory=self.config.get_loop_factory())
  File "/opt/homebrew/Cellar/python@3.14/3.14.2/Frameworks/Python.framework/Versions/3.14/lib/python3.14/asyncio/runners.py", line 204, in run
    return runner.run(main)
           ~~~~~~~~~~^^^^^^
  File "/opt/homebrew/Cellar/python@3.14/3.14.2/Frameworks/Python.framework/Versions/3.14/lib/python3.14/asyncio/runners.py", line 127, in run
    return self._loop.run_until_complete(task)
           ~~~~~~~~~~~~~~~~~~~~~~~~~~~~~^^^^^^
  File "uvloop/loop.pyx", line 1518, in uvloop.loop.Loop.run_until_complete
  File "/Users/angelzamudio/Backend/.venv/lib/python3.14/site-packages/uvicorn/server.py", line 79, in serve
    await self._serve(sockets)
  File "/Users/angelzamudio/Backend/.venv/lib/python3.14/site-packages/uvicorn/server.py", line 86, in _serve
    config.load()
    ~~~~~~~~~~~^^
  File "/Users/angelzamudio/Backend/.venv/lib/python3.14/site-packages/uvicorn/config.py", line 481, in load
    self.loaded_app = self.load_app()
                      ~~~~~~~~~~~~~^^
  File "/Users/angelzamudio/Backend/.venv/lib/python3.14/site-packages/uvicorn/config.py", line 415, in load_app
    return import_from_string(self.app)
  File "/Users/angelzamudio/Backend/.venv/lib/python3.14/site-packages/uvicorn/importer.py", line 19, in import_from_string
    module = importlib.import_module(module_str)
  File "/opt/homebrew/Cellar/python@3.14/3.14.2/Frameworks/Python.framework/Versions/3.14/lib/python3.14/importlib/__init__.py", line 88, in import_module
    return _bootstrap._gcd_import(name[level:], package, level)
           ~~~~~~~~~~~~~~~~~~~~~~^^^^^^^^^^^^^^^^^^^^^^^^^^^^^^
  File "<frozen importlib._bootstrap>", line 1398, in _gcd_import
  File "<frozen importlib._bootstrap>", line 1371, in _find_and_load
  File "<frozen importlib._bootstrap>", line 1342, in _find_and_load_unlocked
  File "<frozen importlib._bootstrap>", line 938, in _load_unlocked
  File "<frozen importlib._bootstrap_external>", line 755, in exec_module
  File "<frozen importlib._bootstrap_external>", line 893, in get_code
  File "<frozen importlib._bootstrap_external>", line 823, in source_to_code
  File "<frozen importlib._bootstrap>", line 491, in _call_with_frames_removed
SyntaxError: source code string cannot contain null bytes
WARNING:  WatchFiles detected changes in 'app/core/http_client.py'. Reloading...
Process SpawnProcess-11:
Traceback (most recent call last):
  File "/opt/homebrew/Cellar/python@3.14/3.14.2/Frameworks/Python.framework/Versions/3.14/lib/python3.14/multiprocessing/process.py", line 320, in _bootstrap
    self.run()
    ~~~~~~~~^^
  File "/opt/homebrew/Cellar/python@3.14/3.14.2/Frameworks/Python.framework/Versions/3.14/lib/python3.14/multiprocessing/process.py", line 108, in run
    self._target(*self._args, **self._kwargs)
    ~~~~~~~~~~~~^^^^^^^^^^^^^^^^^^^^^^^^^^^^^
  File "/Users/angelzamudio/Backend/.venv/lib/python3.14/site-packages/uvicorn/_subprocess.py", line 80, in subprocess_started
    target(sockets=sockets)
    ~~~~~~^^^^^^^^^^^^^^^^^
  File "/Users/angelzamudio/Backend/.venv/lib/python3.14/site-packages/uvicorn/server.py", line 75, in run
    return asyncio_run(self.serve(sockets=sockets), loop_factory=self.config.get_loop_factory())
  File "/opt/homebrew/Cellar/python@3.14/3.14.2/Frameworks/Python.framework/Versions/3.14/lib/python3.14/asyncio/runners.py", line 204, in run
    return runner.run(main)
           ~~~~~~~~~~^^^^^^
  File "/opt/homebrew/Cellar/python@3.14/3.14.2/Frameworks/Python.framework/Versions/3.14/lib/python3.14/asyncio/runners.py", line 127, in run
    return self._loop.run_until_complete(task)
           ~~~~~~~~~~~~~~~~~~~~~~~~~~~~~^^^^^^
  File "uvloop/loop.pyx", line 1518, in uvloop.loop.Loop.run_until_complete
  File "/Users/angelzamudio/Backend/.venv/lib/python3.14/site-packages/uvicorn/server.py", line 79, in serve
    await self._serve(sockets)
  File "/Users/angelzamudio/Backend/.venv/lib/python3.14/site-packages/uvicorn/server.py", line 86, in _serve
    config.load()
    ~~~~~~~~~~~^^
  File "/Users/angelzamudio/Backend/.venv/lib/python3.14/site-packages/uvicorn/config.py", line 481, in load
    self.loaded_app = self.load_app()
                      ~~~~~~~~~~~~~^^
  File "/Users/angelzamudio/Backend/.venv/lib/python3.14/site-packages/uvicorn/config.py", line 415, in load_app
    return import_from_string(self.app)
  File "/Users/angelzamudio/Backend/.venv/lib/python3.14/site-packages/uvicorn/importer.py", line 19, in import_from_string
    module = importlib.import_module(module_str)
  File "/opt/homebrew/Cellar/python@3.14/3.14.2/Frameworks/Python.framework/Versions/3.14/lib/python3.14/importlib/__init__.py", line 88, in import_module
    return _bootstrap._gcd_import(name[level:], package, level)
           ~~~~~~~~~~~~~~~~~~~~~~^^^^^^^^^^^^^^^^^^^^^^^^^^^^^^
  File "<frozen importlib._bootstrap>", line 1398, in _gcd_import
  File "<frozen importlib._bootstrap>", line 1371, in _find_and_load
  File "<frozen importlib._bootstrap>", line 1342, in _find_and_load_unlocked
  File "<frozen importlib._bootstrap>", line 938, in _load_unlocked
  File "<frozen importlib._bootstrap_external>", line 755, in exec_module
  File "<frozen importlib._bootstrap_external>", line 893, in get_code
  File "<frozen importlib._bootstrap_external>", line 823, in source_to_code
  File "<frozen importlib._bootstrap>", line 491, in _call_with_frames_removed
SyntaxError: source code string cannot contain null bytes
WARNING:  WatchFiles detected changes in 'tests/test_engine_client.py'. Reloading...
Process SpawnProcess-12:
Traceback (most recent call last):
  File "/opt/homebrew/Cellar/python@3.14/3.14.2/Frameworks/Python.framework/Versions/3.14/lib/python3.14/multiprocessing/process.py", line 320, in _bootstrap
    self.run()
    ~~~~~~~~^^
  File "/opt/homebrew/Cellar/python@3.14/3.14.2/Frameworks/Python.framework/Versions/3.14/lib/python3.14/multiprocessing/process.py", line 108, in run
    self._target(*self._args, **self._kwargs)
    ~~~~~~~~~~~~^^^^^^^^^^^^^^^^^^^^^^^^^^^^^
  File "/Users/angelzamudio/Backend/.venv/lib/python3.14/site-packages/uvicorn/_subprocess.py", line 80, in subprocess_started
    target(sockets=sockets)
    ~~~~~~^^^^^^^^^^^^^^^^^
  File "/Users/angelzamudio/Backend/.venv/lib/python3.14/site-packages/uvicorn/server.py", line 75, in run
    return asyncio_run(self.serve(sockets=sockets), loop_factory=self.config.get_loop_factory())
  File "/opt/homebrew/Cellar/python@3.14/3.14.2/Frameworks/Python.framework/Versions/3.14/lib/python3.14/asyncio/runners.py", line 204, in run
    return runner.run(main)
           ~~~~~~~~~~^^^^^^
  File "/opt/homebrew/Cellar/python@3.14/3.14.2/Frameworks/Python.framework/Versions/3.14/lib/python3.14/asyncio/runners.py", line 127, in run
    return self._loop.run_until_complete(task)
           ~~~~~~~~~~~~~~~~~~~~~~~~~~~~~^^^^^^
  File "uvloop/loop.pyx", line 1518, in uvloop.loop.Loop.run_until_complete
  File "/Users/angelzamudio/Backend/.venv/lib/python3.14/site-packages/uvicorn/server.py", line 79, in serve
    await self._serve(sockets)
  File "/Users/angelzamudio/Backend/.venv/lib/python3.14/site-packages/uvicorn/server.py", line 86, in _serve
    config.load()
    ~~~~~~~~~~~^^
  File "/Users/angelzamudio/Backend/.venv/lib/python3.14/site-packages/uvicorn/config.py", line 481, in load
    self.loaded_app = self.load_app()
                      ~~~~~~~~~~~~~^^
  File "/Users/angelzamudio/Backend/.venv/lib/python3.14/site-packages/uvicorn/config.py", line 415, in load_app
    return import_from_string(self.app)
  File "/Users/angelzamudio/Backend/.venv/lib/python3.14/site-packages/uvicorn/importer.py", line 19, in import_from_string
    module = importlib.import_module(module_str)
  File "/opt/homebrew/Cellar/python@3.14/3.14.2/Frameworks/Python.framework/Versions/3.14/lib/python3.14/importlib/__init__.py", line 88, in import_module
    return _bootstrap._gcd_import(name[level:], package, level)
           ~~~~~~~~~~~~~~~~~~~~~~^^^^^^^^^^^^^^^^^^^^^^^^^^^^^^
  File "<frozen importlib._bootstrap>", line 1398, in _gcd_import
  File "<frozen importlib._bootstrap>", line 1371, in _find_and_load
  File "<frozen importlib._bootstrap>", line 1342, in _find_and_load_unlocked
  File "<frozen importlib._bootstrap>", line 938, in _load_unlocked
  File "<frozen importlib._bootstrap_external>", line 755, in exec_module
  File "<frozen importlib._bootstrap_external>", line 893, in get_code
  File "<frozen importlib._bootstrap_external>", line 823, in source_to_code
  File "<frozen importlib._bootstrap>", line 491, in _call_with_frames_removed
SyntaxError: source code string cannot contain null bytes
WARNING:  WatchFiles detected changes in 'tests/test_engine_client.py'. Reloading...
Process SpawnProcess-13:
Traceback (most recent call last):
  File "/opt/homebrew/Cellar/python@3.14/3.14.2/Frameworks/Python.framework/Versions/3.14/lib/python3.14/multiprocessing/process.py", line 320, in _bootstrap
    self.run()
    ~~~~~~~~^^
  File "/opt/homebrew/Cellar/python@3.14/3.14.2/Frameworks/Python.framework/Versions/3.14/lib/python3.14/multiprocessing/process.py", line 108, in run
    self._target(*self._args, **self._kwargs)
    ~~~~~~~~~~~~^^^^^^^^^^^^^^^^^^^^^^^^^^^^^
  File "/Users/angelzamudio/Backend/.venv/lib/python3.14/site-packages/uvicorn/_subprocess.py", line 80, in subprocess_started
    target(sockets=sockets)
    ~~~~~~^^^^^^^^^^^^^^^^^
  File "/Users/angelzamudio/Backend/.venv/lib/python3.14/site-packages/uvicorn/server.py", line 75, in run
    return asyncio_run(self.serve(sockets=sockets), loop_factory=self.config.get_loop_factory())
  File "/opt/homebrew/Cellar/python@3.14/3.14.2/Frameworks/Python.framework/Versions/3.14/lib/python3.14/asyncio/runners.py", line 204, in run
    return runner.run(main)
           ~~~~~~~~~~^^^^^^
  File "/opt/homebrew/Cellar/python@3.14/3.14.2/Frameworks/Python.framework/Versions/3.14/lib/python3.14/asyncio/runners.py", line 127, in run
    return self._loop.run_until_complete(task)
           ~~~~~~~~~~~~~~~~~~~~~~~~~~~~~^^^^^^
  File "uvloop/loop.pyx", line 1518, in uvloop.loop.Loop.run_until_complete
  File "/Users/angelzamudio/Backend/.venv/lib/python3.14/site-packages/uvicorn/server.py", line 79, in serve
    await self._serve(sockets)
  File "/Users/angelzamudio/Backend/.venv/lib/python3.14/site-packages/uvicorn/server.py", line 86, in _serve
    config.load()
    ~~~~~~~~~~~^^
  File "/Users/angelzamudio/Backend/.venv/lib/python3.14/site-packages/uvicorn/config.py", line 481, in load
    self.loaded_app = self.load_app()
                      ~~~~~~~~~~~~~^^
  File "/Users/angelzamudio/Backend/.venv/lib/python3.14/site-packages/uvicorn/config.py", line 415, in load_app
    return import_from_string(self.app)
  File "/Users/angelzamudio/Backend/.venv/lib/python3.14/site-packages/uvicorn/importer.py", line 19, in import_from_string
    module = importlib.import_module(module_str)
  File "/opt/homebrew/Cellar/python@3.14/3.14.2/Frameworks/Python.framework/Versions/3.14/lib/python3.14/importlib/__init__.py", line 88, in import_module
    return _bootstrap._gcd_import(name[level:], package, level)
           ~~~~~~~~~~~~~~~~~~~~~~^^^^^^^^^^^^^^^^^^^^^^^^^^^^^^
  File "<frozen importlib._bootstrap>", line 1398, in _gcd_import
  File "<frozen importlib._bootstrap>", line 1371, in _find_and_load
  File "<frozen importlib._bootstrap>", line 1342, in _find_and_load_unlocked
  File "<frozen importlib._bootstrap>", line 938, in _load_unlocked
  File "<frozen importlib._bootstrap_external>", line 755, in exec_module
  File "<frozen importlib._bootstrap_external>", line 893, in get_code
  File "<frozen importlib._bootstrap_external>", line 823, in source_to_code
  File "<frozen importlib._bootstrap>", line 491, in _call_with_frames_removed
SyntaxError: source code string cannot contain null bytes
WARNING:  WatchFiles detected changes in '.venv/lib/python3.14/site-packages/_pytest/capture.py', '.venv/lib/python3.14/site-packages/_pytest/warnings.py', '.venv/lib/python3.14/site-packages/pygments/lexers/openscad.py', '.venv/lib/python3.14/site-packages/pygments/styles/stata_dark.py', '.venv/lib/python3.14/site-packages/iniconfig/_version.py', '.venv/lib/python3.14/site-packages/pygments/lexers/amdgpu.py', '.venv/lib/python3.14/site-packages/pygments/modeline.py', '.venv/lib/python3.14/site-packages/pygments/lexers/_vbscript_builtins.py', '.venv/lib/python3.14/site-packages/pygments/styles/monokai.py', '.venv/lib/python3.14/site-packages/pygments/lexers/pddl.py', '.venv/lib/python3.14/site-packages/pygments/lexers/pointless.py', '.venv/lib/python3.14/site-packages/pygments/lexers/codeql.py', '.venv/lib/python3.14/site-packages/pygments/formatters/terminal256.py', '.venv/lib/python3.14/site-packages/pygments/lexers/jvm.py', '.venv/lib/python3.14/site-packages/pygments/lexers/jsx.py', '.venv/lib/python3.14/site-packages/pygments/lexers/bqn.py', '.venv/lib/python3.14/site-packages/_pytest/helpconfig.py', '.venv/lib/python3.14/site-packages/pygments/lexers/slash.py', '.venv/lib/python3.14/site-packages/_pytest/pytester_assertions.py', '.venv/lib/python3.14/site-packages/pytest/__init__.py', '.venv/lib/python3.14/site-packages/pluggy/_version.py', '.venv/lib/python3.14/site-packages/_pytest/assertion/rewrite.py', '.venv/lib/python3.14/site-packages/pygments/styles/emacs.py', '.venv/lib/python3.14/site-packages/pygments/lexers/tls.py', '.venv/lib/python3.14/site-packages/pygments/styles/paraiso_dark.py', '.venv/lib/python3.14/site-packages/pygments/lexers/qlik.py', '.venv/lib/python3.14/site-packages/pygments/lexers/mojo.py', '.venv/lib/python3.14/site-packages/pygments/lexers/dns.py', '.venv/lib/python3.14/site-packages/pygments/lexers/_asy_builtins.py', '.venv/lib/python3.14/site-packages/pygments/lexers/asc.py', '.venv/lib/python3.14/site-packages/pygments/lexers/asn1.py', '.venv/lib/python3.14/site-packages/_pytest/freeze_support.py', '.venv/lib/python3.14/site-packages/pygments/lexers/__init__.py', '.venv/lib/python3.14/site-packages/pygments/lexers/forth.py', '.venv/lib/python3.14/site-packages/pygments/lexers/ride.py', '.venv/lib/python3.14/site-packages/_pytest/main.py', '.venv/lib/python3.14/site-packages/pygments/lexers/arturo.py', '.venv/lib/python3.14/site-packages/pygments/lexers/prql.py', '.venv/lib/python3.14/site-packages/pygments/styles/algol.py', '.venv/lib/python3.14/site-packages/pygments/lexers/rell.py', '.venv/lib/python3.14/site-packages/pygments/lexers/_stata_builtins.py', '.venv/lib/python3.14/site-packages/pygments/lexers/_lua_builtins.py', '.venv/lib/python3.14/site-packages/py.py', '.venv/lib/python3.14/site-packages/_pytest/config/findpaths.py', '.venv/lib/python3.14/site-packages/pygments/styles/solarized.py', '.venv/lib/python3.14/site-packages/pygments/lexers/hare.py', '.venv/lib/python3.14/site-packages/pygments/styles/friendly_grayscale.py', '.venv/lib/python3.14/site-packages/pygments/styles/lightbulb.py', '.venv/lib/python3.14/site-packages/pygments/lexers/modula2.py', '.venv/lib/python3.14/site-packages/pygments/lexers/graphics.py', '.venv/lib/python3.14/site-packages/pygments/lexers/macaulay2.py', '.venv/lib/python3.14/site-packages/pygments/lexers/data.py', '.venv/lib/python3.14/site-packages/pygments/lexers/x10.py', '.venv/lib/python3.14/site-packages/pygments/styles/friendly.py', '.venv/lib/python3.14/site-packages/pygments/lexers/urbi.py', '.venv/lib/python3.14/site-packages/pygments/lexers/roboconf.py', '.venv/lib/python3.14/site-packages/pygments/lexers/bare.py', '.venv/lib/python3.14/site-packages/pygments/styles/paraiso_light.py', '.venv/lib/python3.14/site-packages/_pytest/stash.py', '.venv/lib/python3.14/site-packages/pygments/lexers/usd.py', '.venv/lib/python3.14/site-packages/pygments/lexers/d.py', '.venv/lib/python3.14/site-packages/pygments/lexers/teal.py', '.venv/lib/python3.14/site-packages/pygments/lexers/textfmts.py', '.venv/lib/python3.14/site-packages/pygments/lexers/rego.py', '.venv/lib/python3.14/site-packages/pygments/lexers/spice.py', '.venv/lib/python3.14/site-packages/pygments/lexers/theorem.py', '.venv/lib/python3.14/site-packages/pygments/lexers/hexdump.py', '.venv/lib/python3.14/site-packages/pygments/lexers/_tsql_builtins.py', '.venv/lib/python3.14/site-packages/pygments/lexers/oberon.py', '.venv/lib/python3.14/site-packages/pygments/lexers/inferno.py', '.venv/lib/python3.14/site-packages/pygments/lexers/chapel.py', '.venv/lib/python3.14/site-packages/pygments/styles/colorful.py', '.venv/lib/python3.14/site-packages/pygments/lexers/business.py', '.venv/lib/python3.14/site-packages/pygments/lexers/numbair.py', '.venv/lib/python3.14/site-packages/pygments/lexers/factor.py', '.venv/lib/python3.14/site-packages/_pytest/_code/__init__.py', '.venv/lib/python3.14/site-packages/pygments/lexers/shell.py', '.venv/lib/python3.14/site-packages/pygments/lexers/dax.py', '.venv/lib/python3.14/site-packages/pygments/lexers/diff.py', '.venv/lib/python3.14/site-packages/pygments/lexers/rust.py', '.venv/lib/python3.14/site-packages/pygments/lexers/eiffel.py', '.venv/lib/python3.14/site-packages/_pytest/deprecated.py', '.venv/lib/python3.14/site-packages/pygments/regexopt.py', '.venv/lib/python3.14/site-packages/pygments/lexers/jslt.py', '.venv/lib/python3.14/site-packages/_pytest/_io/pprint.py', '.venv/lib/python3.14/site-packages/pygments/lexers/comal.py', '.venv/lib/python3.14/site-packages/pygments/lexers/_css_builtins.py', '.venv/lib/python3.14/site-packages/pygments/lexers/haskell.py', '.venv/lib/python3.14/site-packages/pygments/lexers/apl.py', '.venv/lib/python3.14/site-packages/pygments/lexers/r.py', '.venv/lib/python3.14/site-packages/pluggy/_tracing.py', '.venv/lib/python3.14/site-packages/pygments/lexers/savi.py', '.venv/lib/python3.14/site-packages/pygments/lexers/agile.py', '.venv/lib/python3.14/site-packages/pygments/formatters/pangomarkup.py', '.venv/lib/python3.14/site-packages/pygments/util.py', '.venv/lib/python3.14/site-packages/pygments/lexers/_sql_builtins.py', '.venv/lib/python3.14/site-packages/pygments/lexers/sgf.py', '.venv/lib/python3.14/site-packages/iniconfig/exceptions.py', '.venv/lib/python3.14/site-packages/_pytest/terminal.py', '.venv/lib/python3.14/site-packages/pygments/lexers/_mql_builtins.py', '.venv/lib/python3.14/site-packages/_pytest/legacypath.py', '.venv/lib/python3.14/site-packages/_pytest/logging.py', '.venv/lib/python3.14/site-packages/pygments/styles/dracula.py', '.venv/lib/python3.14/site-packages/_pytest/junitxml.py', '.venv/lib/python3.14/site-packages/pytest_asyncio/plugin.py', '.venv/lib/python3.14/site-packages/pygments/lexers/ptx.py', '.venv/lib/python3.14/site-packages/pygments/styles/perldoc.py', '.venv/lib/python3.14/site-packages/pygments/lexers/wgsl.py', '.venv/lib/python3.14/site-packages/pygments/filters/__init__.py', '.venv/lib/python3.14/site-packages/pygments/lexers/asm.py', '.venv/lib/python3.14/site-packages/pygments/lexers/css.py', '.venv/lib/python3.14/site-packages/pygments/lexers/webassembly.py', '.venv/lib/python3.14/site-packages/pygments/lexers/bibtex.py', '.venv/lib/python3.14/site-packages/pluggy/__init__.py', '.venv/lib/python3.14/site-packages/pygments/lexers/trafficscript.py', '.venv/lib/python3.14/site-packages/pygments/lexers/_sourcemod_builtins.py', '.venv/lib/python3.14/site-packages/_pytest/runner.py', '.venv/lib/python3.14/site-packages/pygments/lexers/templates.py', '.venv/lib/python3.14/site-packages/pygments/lexers/iolang.py', '.venv/lib/python3.14/site-packages/pygments/lexers/nit.py', '.venv/lib/python3.14/site-packages/pygments/lexers/_php_builtins.py', '.venv/lib/python3.14/site-packages/pygments/lexers/maple.py', '.venv/lib/python3.14/site-packages/pygments/lexers/gleam.py', '.venv/lib/python3.14/site-packages/pygments/styles/nord.py', '.venv/lib/python3.14/site-packages/pygments/lexers/tal.py', '.venv/lib/python3.14/site-packages/pygments/lexers/vyper.py', '.venv/lib/python3.14/site-packages/pygments/lexers/ampl.py', '.venv/lib/python3.14/site-packages/pygments/lexers/matlab.py', '.venv/lib/python3.14/site-packages/_pytest/reports.py', '.venv/lib/python3.14/site-packages/pygments/lexers/haxe.py', '.venv/lib/python3.14/site-packages/pygments/styles/sas.py', '.venv/lib/python3.14/site-packages/pygments/lexers/tablegen.py', '.venv/lib/python3.14/site-packages/pygments/styles/material.py', '.venv/lib/python3.14/site-packages/pygments/formatters/img.py', '.venv/lib/python3.14/site-packages/pygments/lexers/functional.py', '.venv/lib/python3.14/site-packages/pytest_asyncio/__init__.py', '.venv/lib/python3.14/site-packages/pygments/lexers/robotframework.py', '.venv/lib/python3.14/site-packages/pygments/lexers/devicetree.py', '.venv/lib/python3.14/site-packages/_pytest/setupplan.py', '.venv/lib/python3.14/site-packages/pygments/lexers/procfile.py', '.venv/lib/python3.14/site-packages/_pytest/_py/__init__.py', '.venv/lib/python3.14/site-packages/pygments/lexers/parasail.py', '.venv/lib/python3.14/site-packages/_pytest/_py/error.py', '.venv/lib/python3.14/site-packages/pygments/lexers/unicon.py', '.venv/lib/python3.14/site-packages/pygments/sphinxext.py', '.venv/lib/python3.14/site-packages/pygments/formatters/latex.py', '.venv/lib/python3.14/site-packages/pluggy/_result.py', '.venv/lib/python3.14/site-packages/pygments/lexers/phix.py', '.venv/lib/python3.14/site-packages/pygments/lexers/kusto.py', '.venv/lib/python3.14/site-packages/_pytest/warning_types.py', '.venv/lib/python3.14/site-packages/pygments/lexers/jsonnet.py', '.venv/lib/python3.14/site-packages/pygments/__init__.py', '.venv/lib/python3.14/site-packages/pygments/lexers/lisp.py', '.venv/lib/python3.14/site-packages/pygments/styles/__init__.py', '.venv/lib/python3.14/site-packages/_pytest/monkeypatch.py', '.venv/lib/python3.14/site-packages/pygments/formatters/_mapping.py', '.venv/lib/python3.14/site-packages/pygments/formatters/svg.py', '.venv/lib/python3.14/site-packages/pygments/lexers/func.py', '.venv/lib/python3.14/site-packages/pygments/lexers/scdoc.py', '.venv/lib/python3.14/site-packages/pygments/lexers/_scilab_builtins.py', '.venv/lib/python3.14/site-packages/pygments/lexers/_mysql_builtins.py', '.venv/lib/python3.14/site-packages/pygments/lexers/php.py', '.venv/lib/python3.14/site-packages/_pytest/nodes.py', '.venv/lib/python3.14/site-packages/pygments/lexers/mime.py', '.venv/lib/python3.14/site-packages/pygments/styles/fruity.py', '.venv/lib/python3.14/site-packages/pygments/formatters/groff.py', '.venv/lib/python3.14/site-packages/pygments/lexers/dylan.py', '.venv/lib/python3.14/site-packages/pygments/lexers/_googlesql_builtins.py', '.venv/lib/python3.14/site-packages/_pytest/_io/saferepr.py', '.venv/lib/python3.14/site-packages/_pytest/python.py', '.venv/lib/python3.14/site-packages/pygments/lexers/_usd_builtins.py', '.venv/lib/python3.14/site-packages/pygments/lexers/elm.py', '.venv/lib/python3.14/site-packages/pygments/token.py', '.venv/lib/python3.14/site-packages/pygments/lexers/esoteric.py', '.venv/lib/python3.14/site-packages/pygments/lexers/automation.py', '.venv/lib/python3.14/site-packages/pygments/styles/tango.py', '.venv/lib/python3.14/site-packages/pygments/lexers/monte.py', '.venv/lib/python3.14/site-packages/pygments/lexers/arrow.py', '.venv/lib/python3.14/site-packages/pygments/lexers/_ada_builtins.py', '.venv/lib/python3.14/site-packages/pygments/lexers/archetype.py', '.venv/lib/python3.14/site-packages/pygments/styles/lilypond.py', '.venv/lib/python3.14/site-packages/pygments/lexers/installers.py', '.venv/lib/python3.14/site-packages/pygments/lexers/floscript.py', '.venv/lib/python3.14/site-packages/pygments/lexers/gdscript.py', '.venv/lib/python3.14/site-packages/pygments/filter.py', '.venv/lib/python3.14/site-packages/pygments/lexers/freefem.py', '.venv/lib/python3.14/site-packages/_pytest/stepwise.py', '.venv/lib/python3.14/site-packages/_pytest/pastebin.py', '.venv/lib/python3.14/site-packages/pygments/lexers/yara.py', '.venv/lib/python3.14/site-packages/pygments/lexers/capnproto.py', '.venv/lib/python3.14/site-packages/pygments/lexers/snobol.py', '.venv/lib/python3.14/site-packages/_pytest/config/compat.py', '.venv/lib/python3.14/site-packages/_pytest/config/exceptions.py', '.venv/lib/python3.14/site-packages/pygments/lexers/felix.py', '.venv/lib/python3.14/site-packages/pygments/lexers/objective.py', '.venv/lib/python3.14/site-packages/pygments/lexers/_postgres_builtins.py', '.venv/lib/python3.14/site-packages/pygments/lexers/ecl.py', '.venv/lib/python3.14/site-packages/pygments/lexers/_lilypond_builtins.py', '.venv/lib/python3.14/site-packages/pygments/styles/gh_dark.py', '.venv/lib/python3.14/site-packages/pygments/lexers/markup.py', '.venv/lib/python3.14/site-packages/pygments/lexers/qvt.py', '.venv/lib/python3.14/site-packages/pygments/lexers/zig.py', '.venv/lib/python3.14/site-packages/pygments/lexers/promql.py', '.venv/lib/python3.14/site-packages/pygments/lexers/lilypond.py', '.venv/lib/python3.14/site-packages/_pytest/config/argparsing.py', '.venv/lib/python3.14/site-packages/pygments/lexers/kuin.py', '.venv/lib/python3.14/site-packages/_pytest/fixtures.py', '.venv/lib/python3.14/site-packages/pygments/lexers/cplint.py', '.venv/lib/python3.14/site-packages/pygments/style.py', '.venv/lib/python3.14/site-packages/pygments/lexers/jmespath.py', '.venv/lib/python3.14/site-packages/pygments/lexers/idl.py', '.venv/lib/python3.14/site-packages/pygments/styles/rrt.py', '.venv/lib/python3.14/site-packages/pygments/lexers/dsls.py', '.venv/lib/python3.14/site-packages/_pytest/raises.py', '.venv/lib/python3.14/site-packages/pygments/lexers/_cocoa_builtins.py', '.venv/lib/python3.14/site-packages/pygments/lexers/ldap.py', '.venv/lib/python3.14/site-packages/pygments/lexers/algebra.py', '.venv/lib/python3.14/site-packages/pygments/lexers/pascal.py', '.venv/lib/python3.14/site-packages/_pytest/compat.py', '.venv/lib/python3.14/site-packages/pygments/lexers/smalltalk.py', '.venv/lib/python3.14/site-packages/_pytest/pytester.py', '.venv/lib/python3.14/site-packages/pygments/styles/abap.py', '.venv/lib/python3.14/site-packages/pygments/__main__.py', '.venv/lib/python3.14/site-packages/pygments/lexers/gcodelexer.py', '.venv/lib/python3.14/site-packages/_pytest/unittest.py', '.venv/lib/python3.14/site-packages/pygments/formatters/__init__.py', '.venv/lib/python3.14/site-packages/pygments/lexers/graphql.py', '.venv/lib/python3.14/site-packages/_pytest/timing.py', '.venv/lib/python3.14/site-packages/_pytest/setuponly.py', '.venv/lib/python3.14/site-packages/pygments/styles/rainbow_dash.py', '.venv/lib/python3.14/site-packages/_pytest/assertion/util.py', '.venv/lib/python3.14/site-packages/pygments/lexers/ul4.py', '.venv/lib/python3.14/site-packages/pygments/lexers/nix.py', '.venv/lib/python3.14/site-packages/pygments/styles/igor.py', '.venv/lib/python3.14/site-packages/pygments/lexers/tcl.py', '.venv/lib/python3.14/site-packages/pygments/lexers/blueprint.py', '.venv/lib/python3.14/site-packages/pygments/lexers/_openedge_builtins.py', '.venv/lib/python3.14/site-packages/pygments/formatter.py', '.venv/lib/python3.14/site-packages/pygments/lexers/j.py', '.venv/lib/python3.14/site-packages/pygments/lexers/graphviz.py', '.venv/lib/python3.14/site-packages/pygments/lexers/mips.py', '.venv/lib/python3.14/site-packages/pygments/lexers/supercollider.py', '.venv/lib/python3.14/site-packages/_pytest/_io/__init__.py', '.venv/lib/python3.14/site-packages/pygments/lexers/ooc.py', '.venv/lib/python3.14/site-packages/pygments/lexers/rdf.py', '.venv/lib/python3.14/site-packages/pygments/styles/bw.py', '.venv/lib/python3.14/site-packages/pygments/lexers/_scheme_builtins.py', '.venv/lib/python3.14/site-packages/pygments/styles/onedark.py', '.venv/lib/python3.14/site-packages/pygments/lexers/gsql.py', '.venv/lib/python3.14/site-packages/pygments/styles/manni.py', '.venv/lib/python3.14/site-packages/pygments/lexers/prolog.py', '.venv/lib/python3.14/site-packages/pygments/lexers/graph.py', '.venv/lib/python3.14/site-packages/pygments/lexers/fantom.py', '.venv/lib/python3.14/site-packages/pygments/lexers/whiley.py', '.venv/lib/python3.14/site-packages/pygments/lexers/clean.py', '.venv/lib/python3.14/site-packages/pygments/lexers/boa.py', '.venv/lib/python3.14/site-packages/pygments/lexers/go.py', '.venv/lib/python3.14/site-packages/pygments/lexers/perl.py', '.venv/lib/python3.14/site-packages/pygments/formatters/terminal.py', '.venv/lib/python3.14/site-packages/pygments/lexers/apdlexer.py', '.venv/lib/python3.14/site-packages/pygments/styles/vim.py', '.venv/lib/python3.14/site-packages/pygments/lexers/wowtoc.py', '.venv/lib/python3.14/site-packages/iniconfig/__init__.py', '.venv/lib/python3.14/site-packages/pygments/lexers/carbon.py', '.venv/lib/python3.14/site-packages/pygments/lexers/vip.py', '.venv/lib/python3.14/site-packages/_pytest/outcomes.py', '.venv/lib/python3.14/site-packages/pygments/lexers/tact.py', '.venv/lib/python3.14/site-packages/pygments/lexers/sieve.py', '.venv/lib/python3.14/site-packages/pygments/lexers/cddl.py', '.venv/lib/python3.14/site-packages/pygments/lexers/pawn.py', '.venv/lib/python3.14/site-packages/pygments/styles/vs.py', '.venv/lib/python3.14/site-packages/pygments/lexers/text.py', '.venv/lib/python3.14/site-packages/_pytest/_io/wcwidth.py', '.venv/lib/python3.14/site-packages/pygments/lexers/typst.py', '.venv/lib/python3.14/site-packages/iniconfig/_parse.py', '.venv/lib/python3.14/site-packages/pygments/lexers/lean.py', '.venv/lib/python3.14/site-packages/pygments/styles/gruvbox.py', '.venv/lib/python3.14/site-packages/pygments/lexers/verifpal.py', '.venv/lib/python3.14/site-packages/pygments/lexers/elpi.py', '.venv/lib/python3.14/site-packages/pygments/lexers/compiled.py', '.venv/lib/python3.14/site-packages/pygments/lexers/dotnet.py', '.venv/lib/python3.14/site-packages/pygments/lexers/testing.py', '.venv/lib/python3.14/site-packages/pygments/lexers/_cl_builtins.py', '.venv/lib/python3.14/site-packages/pygments/lexers/sql.py', '.venv/lib/python3.14/site-packages/pygments/lexers/basic.py', '.venv/lib/python3.14/site-packages/pygments/formatters/rtf.py', '.venv/lib/python3.14/site-packages/pygments/lexers/ezhil.py', '.venv/lib/python3.14/site-packages/_pytest/mark/structures.py', '.venv/lib/python3.14/site-packages/pygments/formatters/irc.py', '.venv/lib/python3.14/site-packages/_pytest/faulthandler.py', '.venv/lib/python3.14/site-packages/pygments/lexers/foxpro.py', '.venv/lib/python3.14/site-packages/pygments/cmdline.py', '.venv/lib/python3.14/site-packages/pygments/formatters/other.py', '.venv/lib/python3.14/site-packages/pygments/lexers/julia.py', '.venv/lib/python3.14/site-packages/_pytest/tmpdir.py', '.venv/lib/python3.14/site-packages/pygments/lexers/hdl.py', '.venv/lib/python3.14/site-packages/pygments/lexers/ambient.py', '.venv/lib/python3.14/site-packages/pygments/lexers/nimrod.py', '.venv/lib/python3.14/site-packages/pygments/styles/coffee.py', '.venv/lib/python3.14/site-packages/pygments/styles/stata_light.py', '.venv/lib/python3.14/site-packages/pygments/lexers/wren.py', '.venv/lib/python3.14/site-packages/_pytest/cacheprovider.py', '.venv/lib/python3.14/site-packages/pygments/styles/default.py', '.venv/lib/python3.14/site-packages/pygments/lexers/resource.py', '.venv/lib/python3.14/site-packages/pygments/lexers/csound.py', '.venv/lib/python3.14/site-packages/pygments/styles/zenburn.py', '.venv/lib/python3.14/site-packages/_pytest/mark/__init__.py', '.venv/lib/python3.14/site-packages/_pytest/_argcomplete.py', '.venv/lib/python3.14/site-packages/pygments/lexers/fift.py', '.venv/lib/python3.14/site-packages/pygments/styles/staroffice.py', '.venv/lib/python3.14/site-packages/pytest/__main__.py', '.venv/lib/python3.14/site-packages/pygments/lexers/mosel.py', '.venv/lib/python3.14/site-packages/pygments/lexers/_julia_builtins.py', '.venv/lib/python3.14/site-packages/pygments/lexers/pony.py', '.venv/lib/python3.14/site-packages/pygments/lexers/_lasso_builtins.py', '.venv/lib/python3.14/site-packages/pygments/lexers/varnish.py', '.venv/lib/python3.14/site-packages/pygments/lexers/textedit.py', '.venv/lib/python3.14/site-packages/pygments/lexers/special.py', '.venv/lib/python3.14/site-packages/_pytest/scope.py', '.venv/lib/python3.14/site-packages/pygments/lexers/verification.py', '.venv/lib/python3.14/site-packages/pygments/styles/borland.py', '.venv/lib/python3.14/site-packages/pygments/lexers/praat.py', '.venv/lib/python3.14/site-packages/pygments/lexers/_luau_builtins.py', '.venv/lib/python3.14/site-packages/pygments/lexers/igor.py', '.venv/lib/python3.14/site-packages/pygments/lexers/grammar_notation.py', '.venv/lib/python3.14/site-packages/pygments/lexers/q.py', '.venv/lib/python3.14/site-packages/pygments/lexers/c_cpp.py', '.venv/lib/python3.14/site-packages/pygments/lexers/rebol.py', '.venv/lib/python3.14/site-packages/pluggy/_hooks.py', '.venv/lib/python3.14/site-packages/_pytest/mark/expression.py', '.venv/lib/python3.14/site-packages/pygments/styles/_mapping.py', '.venv/lib/python3.14/site-packages/pygments/plugin.py', '.venv/lib/python3.14/site-packages/pygments/lexers/berry.py', '.venv/lib/python3.14/site-packages/_pytest/recwarn.py', '.venv/lib/python3.14/site-packages/pygments/lexers/teraterm.py', '.venv/lib/python3.14/site-packages/pygments/styles/murphy.py', '.venv/lib/python3.14/site-packages/pygments/lexers/parsers.py', '.venv/lib/python3.14/site-packages/pygments/lexers/json5.py', '.venv/lib/python3.14/site-packages/pygments/styles/arduino.py', '.venv/lib/python3.14/site-packages/pygments/scanner.py', '.venv/lib/python3.14/site-packages/_pytest/config/__init__.py', '.venv/lib/python3.14/site-packages/pygments/lexers/_vim_builtins.py', '.venv/lib/python3.14/site-packages/pygments/lexers/sas.py', '.venv/lib/python3.14/site-packages/pygments/lexers/crystal.py', '.venv/lib/python3.14/site-packages/pygments/lexers/int_fiction.py', '.venv/lib/python3.14/site-packages/pygments/lexers/c_like.py', '.venv/lib/python3.14/site-packages/pygments/lexers/tnt.py', '.venv/lib/python3.14/site-packages/pygments/lexers/math.py', '.venv/lib/python3.14/site-packages/_pytest/_code/code.py', '.venv/lib/python3.14/site-packages/pygments/lexers/_stan_builtins.py', '.venv/lib/python3.14/site-packages/pygments/lexers/ml.py', '.venv/lib/python3.14/site-packages/pygments/styles/trac.py', '.venv/lib/python3.14/site-packages/pygments/lexers/_qlik_builtins.py', '.venv/lib/python3.14/site-packages/_pytest/_version.py', '.venv/lib/python3.14/site-packages/pygments/lexers/bdd.py', '.venv/lib/python3.14/site-packages/_pytest/terminalprogress.py', '.venv/lib/python3.14/site-packages/pygments/lexers/xorg.py', '.venv/lib/python3.14/site-packages/_pytest/_py/path.py', '.venv/lib/python3.14/site-packages/pygments/lexers/futhark.py', '.venv/lib/python3.14/site-packages/pygments/lexers/minecraft.py', '.venv/lib/python3.14/site-packages/_pytest/unraisableexception.py', '.venv/lib/python3.14/site-packages/pygments/lexers/srcinfo.py', '.venv/lib/python3.14/site-packages/pygments/lexers/html.py', '.venv/lib/python3.14/site-packages/pygments/lexers/javascript.py', '.venv/lib/python3.14/site-packages/pygments/lexers/erlang.py', '.venv/lib/python3.14/site-packages/pluggy/_callers.py', '.venv/lib/python3.14/site-packages/_pytest/doctest.py', '.venv/lib/python3.14/site-packages/pygments/lexers/_mapping.py', '.venv/lib/python3.14/site-packages/pygments/lexers/other.py', '.venv/lib/python3.14/site-packages/pygments/lexers/sophia.py', '.venv/lib/python3.14/site-packages/_pytest/__init__.py', '.venv/lib/python3.14/site-packages/pygments/lexers/fortran.py', '.venv/lib/python3.14/site-packages/pygments/lexers/smv.py', '.venv/lib/python3.14/site-packages/pygments/lexers/maxima.py', '.venv/lib/python3.14/site-packages/pygments/lexers/solidity.py', '.venv/lib/python3.14/site-packages/pygments/lexers/tlb.py', '.venv/lib/python3.14/site-packages/_pytest/tracemalloc.py', '.venv/lib/python3.14/site-packages/pygments/styles/native.py', '.venv/lib/python3.14/site-packages/pygments/formatters/html.py', '.venv/lib/python3.14/site-packages/_pytest/debugging.py', '.venv/lib/python3.14/site-packages/pygments/lexers/ruby.py', '.venv/lib/python3.14/site-packages/pygments/styles/autumn.py', '.venv/lib/python3.14/site-packages/pygments/lexers/rnc.py', '.venv/lib/python3.14/site-packages/pygments/styles/xcode.py', '.venv/lib/python3.14/site-packages/_pytest/hookspec.py', '.venv/lib/python3.14/site-packages/pluggy/_warnings.py', '.venv/lib/python3.14/site-packages/pygments/lexers/actionscript.py', '.venv/lib/python3.14/site-packages/pygments/lexers/webmisc.py', '.venv/lib/python3.14/site-packages/pygments/lexers/configs.py', '.venv/lib/python3.14/site-packages/pygments/lexers/make.py', '.venv/lib/python3.14/site-packages/_pytest/assertion/truncate.py', '.venv/lib/python3.14/site-packages/pygments/lexer.py', '.venv/lib/python3.14/site-packages/pygments/lexers/thingsdb.py', '.venv/lib/python3.14/site-packages/pygments/lexers/rita.py', '.venv/lib/python3.14/site-packages/pygments/lexers/soong.py', '.venv/lib/python3.14/site-packages/pygments/lexers/modeling.py', '.venv/lib/python3.14/site-packages/_pytest/pathlib.py', '.venv/lib/python3.14/site-packages/pygments/styles/pastie.py', '.venv/lib/python3.14/site-packages/pygments/lexers/yang.py', '.venv/lib/python3.14/site-packages/pygments/lexers/stata.py', '.venv/lib/python3.14/site-packages/pygments/styles/inkpot.py', '.venv/lib/python3.14/site-packages/pygments/styles/algol_nu.py', '.venv/lib/python3.14/site-packages/pygments/lexers/meson.py', '.venv/lib/python3.14/site-packages/pygments/formatters/bbcode.py', '.venv/lib/python3.14/site-packages/pygments/lexers/typoscript.py', '.venv/lib/python3.14/site-packages/_pytest/assertion/__init__.py', '.venv/lib/python3.14/site-packages/pygments/lexers/console.py', '.venv/lib/python3.14/site-packages/pygments/lexers/_csound_builtins.py', '.venv/lib/python3.14/site-packages/pygments/console.py', '.venv/lib/python3.14/site-packages/pygments/lexers/ncl.py', '.venv/lib/python3.14/site-packages/pygments/lexers/python.py', '.venv/lib/python3.14/site-packages/_pytest/_code/source.py', '.venv/lib/python3.14/site-packages/pygments/lexers/web.py', '.venv/lib/python3.14/site-packages/_pytest/_io/terminalwriter.py', '.venv/lib/python3.14/site-packages/_pytest/subtests.py', '.venv/lib/python3.14/site-packages/pygments/lexers/email.py', '.venv/lib/python3.14/site-packages/pygments/lexers/webidl.py', '.venv/lib/python3.14/site-packages/_pytest/skipping.py', '.venv/lib/python3.14/site-packages/_pytest/threadexception.py', '.venv/lib/python3.14/site-packages/pluggy/_manager.py', '.venv/lib/python3.14/site-packages/pygments/unistring.py', '.venv/lib/python3.14/site-packages/_pytest/python_api.py', '.venv/lib/python3.14/site-packages/pygments/lexers/dalvik.py', '.venv/lib/python3.14/site-packages/pygments/lexers/smithy.py', '.venv/lib/python3.14/site-packages/pygments/styles/lovelace.py', '.venv/lib/python3.14/site-packages/pygments/lexers/ada.py', '.venv/lib/python3.14/site-packages/pygments/lexers/scripting.py'. Reloading...
Process SpawnProcess-14:
Traceback (most recent call last):
  File "/opt/homebrew/Cellar/python@3.14/3.14.2/Frameworks/Python.framework/Versions/3.14/lib/python3.14/multiprocessing/process.py", line 320, in _bootstrap
    self.run()
    ~~~~~~~~^^
  File "/opt/homebrew/Cellar/python@3.14/3.14.2/Frameworks/Python.framework/Versions/3.14/lib/python3.14/multiprocessing/process.py", line 108, in run
    self._target(*self._args, **self._kwargs)
    ~~~~~~~~~~~~^^^^^^^^^^^^^^^^^^^^^^^^^^^^^
  File "/Users/angelzamudio/Backend/.venv/lib/python3.14/site-packages/uvicorn/_subprocess.py", line 80, in subprocess_started
    target(sockets=sockets)
    ~~~~~~^^^^^^^^^^^^^^^^^
  File "/Users/angelzamudio/Backend/.venv/lib/python3.14/site-packages/uvicorn/server.py", line 75, in run
    return asyncio_run(self.serve(sockets=sockets), loop_factory=self.config.get_loop_factory())
  File "/opt/homebrew/Cellar/python@3.14/3.14.2/Frameworks/Python.framework/Versions/3.14/lib/python3.14/asyncio/runners.py", line 204, in run
    return runner.run(main)
           ~~~~~~~~~~^^^^^^
  File "/opt/homebrew/Cellar/python@3.14/3.14.2/Frameworks/Python.framework/Versions/3.14/lib/python3.14/asyncio/runners.py", line 127, in run
    return self._loop.run_until_complete(task)
           ~~~~~~~~~~~~~~~~~~~~~~~~~~~~~^^^^^^
  File "uvloop/loop.pyx", line 1518, in uvloop.loop.Loop.run_until_complete
  File "/Users/angelzamudio/Backend/.venv/lib/python3.14/site-packages/uvicorn/server.py", line 79, in serve
    await self._serve(sockets)
  File "/Users/angelzamudio/Backend/.venv/lib/python3.14/site-packages/uvicorn/server.py", line 86, in _serve
    config.load()
    ~~~~~~~~~~~^^
  File "/Users/angelzamudio/Backend/.venv/lib/python3.14/site-packages/uvicorn/config.py", line 481, in load
    self.loaded_app = self.load_app()
                      ~~~~~~~~~~~~~^^
  File "/Users/angelzamudio/Backend/.venv/lib/python3.14/site-packages/uvicorn/config.py", line 415, in load_app
    return import_from_string(self.app)
  File "/Users/angelzamudio/Backend/.venv/lib/python3.14/site-packages/uvicorn/importer.py", line 19, in import_from_string
    module = importlib.import_module(module_str)
  File "/opt/homebrew/Cellar/python@3.14/3.14.2/Frameworks/Python.framework/Versions/3.14/lib/python3.14/importlib/__init__.py", line 88, in import_module
    return _bootstrap._gcd_import(name[level:], package, level)
           ~~~~~~~~~~~~~~~~~~~~~~^^^^^^^^^^^^^^^^^^^^^^^^^^^^^^
  File "<frozen importlib._bootstrap>", line 1398, in _gcd_import
  File "<frozen importlib._bootstrap>", line 1371, in _find_and_load
  File "<frozen importlib._bootstrap>", line 1342, in _find_and_load_unlocked
  File "<frozen importlib._bootstrap>", line 938, in _load_unlocked
  File "<frozen importlib._bootstrap_external>", line 755, in exec_module
  File "<frozen importlib._bootstrap_external>", line 893, in get_code
  File "<frozen importlib._bootstrap_external>", line 823, in source_to_code
  File "<frozen importlib._bootstrap>", line 491, in _call_with_frames_removed
SyntaxError: source code string cannot contain null bytes
WARNING:  WatchFiles detected changes in 'tests/test_engine_client.py'. Reloading...
Process SpawnProcess-15:
Traceback (most recent call last):
  File "/opt/homebrew/Cellar/python@3.14/3.14.2/Frameworks/Python.framework/Versions/3.14/lib/python3.14/multiprocessing/process.py", line 320, in _bootstrap
    self.run()
    ~~~~~~~~^^
  File "/opt/homebrew/Cellar/python@3.14/3.14.2/Frameworks/Python.framework/Versions/3.14/lib/python3.14/multiprocessing/process.py", line 108, in run
    self._target(*self._args, **self._kwargs)
    ~~~~~~~~~~~~^^^^^^^^^^^^^^^^^^^^^^^^^^^^^
  File "/Users/angelzamudio/Backend/.venv/lib/python3.14/site-packages/uvicorn/_subprocess.py", line 80, in subprocess_started
    target(sockets=sockets)
    ~~~~~~^^^^^^^^^^^^^^^^^
  File "/Users/angelzamudio/Backend/.venv/lib/python3.14/site-packages/uvicorn/server.py", line 75, in run
    return asyncio_run(self.serve(sockets=sockets), loop_factory=self.config.get_loop_factory())
  File "/opt/homebrew/Cellar/python@3.14/3.14.2/Frameworks/Python.framework/Versions/3.14/lib/python3.14/asyncio/runners.py", line 204, in run
    return runner.run(main)
           ~~~~~~~~~~^^^^^^
  File "/opt/homebrew/Cellar/python@3.14/3.14.2/Frameworks/Python.framework/Versions/3.14/lib/python3.14/asyncio/runners.py", line 127, in run
    return self._loop.run_until_complete(task)
           ~~~~~~~~~~~~~~~~~~~~~~~~~~~~~^^^^^^
  File "uvloop/loop.pyx", line 1518, in uvloop.loop.Loop.run_until_complete
  File "/Users/angelzamudio/Backend/.venv/lib/python3.14/site-packages/uvicorn/server.py", line 79, in serve
    await self._serve(sockets)
  File "/Users/angelzamudio/Backend/.venv/lib/python3.14/site-packages/uvicorn/server.py", line 86, in _serve
    config.load()
    ~~~~~~~~~~~^^
  File "/Users/angelzamudio/Backend/.venv/lib/python3.14/site-packages/uvicorn/config.py", line 481, in load
    self.loaded_app = self.load_app()
                      ~~~~~~~~~~~~~^^
  File "/Users/angelzamudio/Backend/.venv/lib/python3.14/site-packages/uvicorn/config.py", line 415, in load_app
    return import_from_string(self.app)
  File "/Users/angelzamudio/Backend/.venv/lib/python3.14/site-packages/uvicorn/importer.py", line 19, in import_from_string
    module = importlib.import_module(module_str)
  File "/opt/homebrew/Cellar/python@3.14/3.14.2/Frameworks/Python.framework/Versions/3.14/lib/python3.14/importlib/__init__.py", line 88, in import_module
    return _bootstrap._gcd_import(name[level:], package, level)
           ~~~~~~~~~~~~~~~~~~~~~~^^^^^^^^^^^^^^^^^^^^^^^^^^^^^^
  File "<frozen importlib._bootstrap>", line 1398, in _gcd_import
  File "<frozen importlib._bootstrap>", line 1371, in _find_and_load
  File "<frozen importlib._bootstrap>", line 1342, in _find_and_load_unlocked
  File "<frozen importlib._bootstrap>", line 938, in _load_unlocked
  File "<frozen importlib._bootstrap_external>", line 755, in exec_module
  File "<frozen importlib._bootstrap_external>", line 893, in get_code
  File "<frozen importlib._bootstrap_external>", line 823, in source_to_code
  File "<frozen importlib._bootstrap>", line 491, in _call_with_frames_removed
SyntaxError: source code string cannot contain null bytes
WARNING:  WatchFiles detected changes in 'app/core/log_config.py'. Reloading...
Process SpawnProcess-16:
Traceback (most recent call last):
  File "/opt/homebrew/Cellar/python@3.14/3.14.2/Frameworks/Python.framework/Versions/3.14/lib/python3.14/multiprocessing/process.py", line 320, in _bootstrap
    self.run()
    ~~~~~~~~^^
  File "/opt/homebrew/Cellar/python@3.14/3.14.2/Frameworks/Python.framework/Versions/3.14/lib/python3.14/multiprocessing/process.py", line 108, in run
    self._target(*self._args, **self._kwargs)
    ~~~~~~~~~~~~^^^^^^^^^^^^^^^^^^^^^^^^^^^^^
  File "/Users/angelzamudio/Backend/.venv/lib/python3.14/site-packages/uvicorn/_subprocess.py", line 80, in subprocess_started
    target(sockets=sockets)
    ~~~~~~^^^^^^^^^^^^^^^^^
  File "/Users/angelzamudio/Backend/.venv/lib/python3.14/site-packages/uvicorn/server.py", line 75, in run
    return asyncio_run(self.serve(sockets=sockets), loop_factory=self.config.get_loop_factory())
  File "/opt/homebrew/Cellar/python@3.14/3.14.2/Frameworks/Python.framework/Versions/3.14/lib/python3.14/asyncio/runners.py", line 204, in run
    return runner.run(main)
           ~~~~~~~~~~^^^^^^
  File "/opt/homebrew/Cellar/python@3.14/3.14.2/Frameworks/Python.framework/Versions/3.14/lib/python3.14/asyncio/runners.py", line 127, in run
    return self._loop.run_until_complete(task)
           ~~~~~~~~~~~~~~~~~~~~~~~~~~~~~^^^^^^
  File "uvloop/loop.pyx", line 1518, in uvloop.loop.Loop.run_until_complete
  File "/Users/angelzamudio/Backend/.venv/lib/python3.14/site-packages/uvicorn/server.py", line 79, in serve
    await self._serve(sockets)
  File "/Users/angelzamudio/Backend/.venv/lib/python3.14/site-packages/uvicorn/server.py", line 86, in _serve
    config.load()
    ~~~~~~~~~~~^^
  File "/Users/angelzamudio/Backend/.venv/lib/python3.14/site-packages/uvicorn/config.py", line 481, in load
    self.loaded_app = self.load_app()
                      ~~~~~~~~~~~~~^^
  File "/Users/angelzamudio/Backend/.venv/lib/python3.14/site-packages/uvicorn/config.py", line 415, in load_app
    return import_from_string(self.app)
  File "/Users/angelzamudio/Backend/.venv/lib/python3.14/site-packages/uvicorn/importer.py", line 19, in import_from_string
    module = importlib.import_module(module_str)
  File "/opt/homebrew/Cellar/python@3.14/3.14.2/Frameworks/Python.framework/Versions/3.14/lib/python3.14/importlib/__init__.py", line 88, in import_module
    return _bootstrap._gcd_import(name[level:], package, level)
           ~~~~~~~~~~~~~~~~~~~~~~^^^^^^^^^^^^^^^^^^^^^^^^^^^^^^
  File "<frozen importlib._bootstrap>", line 1398, in _gcd_import
  File "<frozen importlib._bootstrap>", line 1371, in _find_and_load
  File "<frozen importlib._bootstrap>", line 1342, in _find_and_load_unlocked
  File "<frozen importlib._bootstrap>", line 938, in _load_unlocked
  File "<frozen importlib._bootstrap_external>", line 755, in exec_module
  File "<frozen importlib._bootstrap_external>", line 893, in get_code
  File "<frozen importlib._bootstrap_external>", line 823, in source_to_code
  File "<frozen importlib._bootstrap>", line 491, in _call_with_frames_removed
SyntaxError: source code string cannot contain null bytes
WARNING:  WatchFiles detected changes in 'app/core/log_config.py'. Reloading...
Process SpawnProcess-17:
Traceback (most recent call last):
  File "/opt/homebrew/Cellar/python@3.14/3.14.2/Frameworks/Python.framework/Versions/3.14/lib/python3.14/multiprocessing/process.py", line 320, in _bootstrap
    self.run()
    ~~~~~~~~^^
  File "/opt/homebrew/Cellar/python@3.14/3.14.2/Frameworks/Python.framework/Versions/3.14/lib/python3.14/multiprocessing/process.py", line 108, in run
    self._target(*self._args, **self._kwargs)
    ~~~~~~~~~~~~^^^^^^^^^^^^^^^^^^^^^^^^^^^^^
  File "/Users/angelzamudio/Backend/.venv/lib/python3.14/site-packages/uvicorn/_subprocess.py", line 80, in subprocess_started
    target(sockets=sockets)
    ~~~~~~^^^^^^^^^^^^^^^^^
  File "/Users/angelzamudio/Backend/.venv/lib/python3.14/site-packages/uvicorn/server.py", line 75, in run
    return asyncio_run(self.serve(sockets=sockets), loop_factory=self.config.get_loop_factory())
  File "/opt/homebrew/Cellar/python@3.14/3.14.2/Frameworks/Python.framework/Versions/3.14/lib/python3.14/asyncio/runners.py", line 204, in run
    return runner.run(main)
           ~~~~~~~~~~^^^^^^
  File "/opt/homebrew/Cellar/python@3.14/3.14.2/Frameworks/Python.framework/Versions/3.14/lib/python3.14/asyncio/runners.py", line 127, in run
    return self._loop.run_until_complete(task)
           ~~~~~~~~~~~~~~~~~~~~~~~~~~~~~^^^^^^
  File "uvloop/loop.pyx", line 1518, in uvloop.loop.Loop.run_until_complete
  File "/Users/angelzamudio/Backend/.venv/lib/python3.14/site-packages/uvicorn/server.py", line 79, in serve
    await self._serve(sockets)
  File "/Users/angelzamudio/Backend/.venv/lib/python3.14/site-packages/uvicorn/server.py", line 86, in _serve
    config.load()
    ~~~~~~~~~~~^^
  File "/Users/angelzamudio/Backend/.venv/lib/python3.14/site-packages/uvicorn/config.py", line 481, in load
    self.loaded_app = self.load_app()
                      ~~~~~~~~~~~~~^^
  File "/Users/angelzamudio/Backend/.venv/lib/python3.14/site-packages/uvicorn/config.py", line 415, in load_app
    return import_from_string(self.app)
  File "/Users/angelzamudio/Backend/.venv/lib/python3.14/site-packages/uvicorn/importer.py", line 19, in import_from_string
    module = importlib.import_module(module_str)
  File "/opt/homebrew/Cellar/python@3.14/3.14.2/Frameworks/Python.framework/Versions/3.14/lib/python3.14/importlib/__init__.py", line 88, in import_module
    return _bootstrap._gcd_import(name[level:], package, level)
           ~~~~~~~~~~~~~~~~~~~~~~^^^^^^^^^^^^^^^^^^^^^^^^^^^^^^
  File "<frozen importlib._bootstrap>", line 1398, in _gcd_import
  File "<frozen importlib._bootstrap>", line 1371, in _find_and_load
  File "<frozen importlib._bootstrap>", line 1342, in _find_and_load_unlocked
  File "<frozen importlib._bootstrap>", line 938, in _load_unlocked
  File "<frozen importlib._bootstrap_external>", line 755, in exec_module
  File "<frozen importlib._bootstrap_external>", line 893, in get_code
  File "<frozen importlib._bootstrap_external>", line 823, in source_to_code
  File "<frozen importlib._bootstrap>", line 491, in _call_with_frames_removed
SyntaxError: source code string cannot contain null bytes
WARNING:  WatchFiles detected changes in 'app/main.py'. Reloading...
/Users/angelzamudio/Backend/.venv/lib/python3.14/site-packages/pydantic/_internal/_config.py:386: UserWarning: Valid config keys have changed in V2:
* 'orm_mode' has been renamed to 'from_attributes'
  warnings.warn(message, UserWarning)
INFO:     Started server process [39904]
INFO:     Waiting for application startup.
INFO:     Application startup complete.
WARNING:  WatchFiles detected changes in 'app/core/config.py'. Reloading...
INFO:     Shutting down
INFO:     Waiting for application shutdown.
INFO:     Application shutdown complete.
INFO:     Finished server process [39904]
/Users/angelzamudio/Backend/.venv/lib/python3.14/site-packages/pydantic/_internal/_config.py:386: UserWarning: Valid config keys have changed in V2:
* 'orm_mode' has been renamed to 'from_attributes'
  warnings.warn(message, UserWarning)
INFO:     Started server process [39943]
INFO:     Waiting for application startup.
INFO:     Application startup complete.
WARNING:  WatchFiles detected changes in 'app/core/log_config.py'. Reloading...
INFO:     Shutting down
INFO:     Waiting for application shutdown.
INFO:     Application shutdown complete.
INFO:     Finished server process [39943]
/Users/angelzamudio/Backend/.venv/lib/python3.14/site-packages/pydantic/_internal/_config.py:386: UserWarning: Valid config keys have changed in V2:
* 'orm_mode' has been renamed to 'from_attributes'
  warnings.warn(message, UserWarning)
INFO:     Started server process [39956]
INFO:     Waiting for application startup.
INFO:     Application startup complete.
WARNING:  WatchFiles detected changes in 'app/core/log_config.py'. Reloading...
INFO:     Shutting down
INFO:     Waiting for application shutdown.
INFO:     Application shutdown complete.
INFO:     Finished server process [39956]
/Users/angelzamudio/Backend/.venv/lib/python3.14/site-packages/pydantic/_internal/_config.py:386: UserWarning: Valid config keys have changed in V2:
* 'orm_mode' has been renamed to 'from_attributes'
  warnings.warn(message, UserWarning)
INFO:     Started server process [39960]
INFO:     Waiting for application startup.
INFO:     Application startup complete.
WARNING:  WatchFiles detected changes in 'app/main.py'. Reloading...
INFO:     Shutting down
INFO:     Waiting for application shutdown.
INFO:     Application shutdown complete.
INFO:     Finished server process [39960]
/Users/angelzamudio/Backend/.venv/lib/python3.14/site-packages/pydantic/_internal/_config.py:386: UserWarning: Valid config keys have changed in V2:
* 'orm_mode' has been renamed to 'from_attributes'
  warnings.warn(message, UserWarning)
INFO:     Started server process [39987]
INFO:     Waiting for application startup.
2026-05-15 22:00:22 INFO [-] app.main: Database tables created
2026-05-15 22:00:22 INFO [-] app.main: Application startup complete — Backend API 0.1.0
INFO:     Application startup complete.
WARNING:  WatchFiles detected changes in 'app/api/v1/endpoints/auth.py'. Reloading...
INFO:     Shutting down
INFO:     Waiting for application shutdown.
2026-05-15 22:00:36 INFO [-] app.main: Application shutdown complete
INFO:     Application shutdown complete.
INFO:     Finished server process [39987]
/Users/angelzamudio/Backend/.venv/lib/python3.14/site-packages/pydantic/_internal/_config.py:386: UserWarning: Valid config keys have changed in V2:
* 'orm_mode' has been renamed to 'from_attributes'
  warnings.warn(message, UserWarning)
INFO:     Started server process [40004]
INFO:     Waiting for application startup.
2026-05-15 22:00:37 INFO [-] app.main: Database tables created
2026-05-15 22:00:37 INFO [-] app.main: Application startup complete — Backend API 0.1.0
INFO:     Application startup complete.
WARNING:  WatchFiles detected changes in 'app/api/v1/endpoints/simulations.py'. Reloading...
INFO:     Shutting down
INFO:     Waiting for application shutdown.
2026-05-15 22:00:53 INFO [-] app.main: Application shutdown complete
INFO:     Application shutdown complete.
INFO:     Finished server process [40004]
/Users/angelzamudio/Backend/.venv/lib/python3.14/site-packages/pydantic/_internal/_config.py:386: UserWarning: Valid config keys have changed in V2:
* 'orm_mode' has been renamed to 'from_attributes'
  warnings.warn(message, UserWarning)
INFO:     Started server process [40025]
INFO:     Waiting for application startup.
2026-05-15 22:00:54 INFO [-] app.main: Database tables created
2026-05-15 22:00:54 INFO [-] app.main: Application startup complete — Backend API 0.1.0
INFO:     Application startup complete.
WARNING:  WatchFiles detected changes in 'app/services/engine_client.py'. Reloading...
INFO:     Shutting down
INFO:     Waiting for application shutdown.
2026-05-15 22:01:06 INFO [-] app.main: Application shutdown complete
INFO:     Application shutdown complete.
INFO:     Finished server process [40025]
/Users/angelzamudio/Backend/.venv/lib/python3.14/site-packages/pydantic/_internal/_config.py:386: UserWarning: Valid config keys have changed in V2:
* 'orm_mode' has been renamed to 'from_attributes'
  warnings.warn(message, UserWarning)
INFO:     Started server process [40043]
INFO:     Waiting for application startup.
2026-05-15 22:01:07 INFO [-] app.main: Database tables created
2026-05-15 22:01:07 INFO [-] app.main: Application startup complete — Backend API 0.1.0
INFO:     Application startup complete.
WARNING:  WatchFiles detected changes in 'app/core/log_config.py'. Reloading...
INFO:     Shutting down
INFO:     Waiting for application shutdown.
2026-05-15 22:03:17 INFO [-] app.main: Application shutdown complete
INFO:     Application shutdown complete.
INFO:     Finished server process [40043]
/Users/angelzamudio/Backend/.venv/lib/python3.14/site-packages/pydantic/_internal/_config.py:386: UserWarning: Valid config keys have changed in V2:
* 'orm_mode' has been renamed to 'from_attributes'
  warnings.warn(message, UserWarning)
INFO:     Started server process [40196]
INFO:     Waiting for application startup.
2026-05-15 22:03:18 INFO [-] app.main: Database tables created
2026-05-15 22:03:18 INFO [-] app.main: Application startup complete — Backend API 0.1.0
INFO:     Application startup complete.
WARNING:  WatchFiles detected changes in 'app/core/log_config.py'. Reloading...
INFO:     Shutting down
INFO:     Waiting for application shutdown.
2026-05-15 22:03:25 INFO [-] app.main: Application shutdown complete
INFO:     Application shutdown complete.
INFO:     Finished server process [40196]
/Users/angelzamudio/Backend/.venv/lib/python3.14/site-packages/pydantic/_internal/_config.py:386: UserWarning: Valid config keys have changed in V2:
* 'orm_mode' has been renamed to 'from_attributes'
  warnings.warn(message, UserWarning)
INFO:     Started server process [40209]
INFO:     Waiting for application startup.
2026-05-15 22:03:25 INFO [-] app.main: Database tables created
2026-05-15 22:03:25 INFO [-] app.main: Application startup complete — Backend API 0.1.0
INFO:     Application startup complete.
WARNING:  WatchFiles detected changes in 'app/core/config.py'. Reloading...
INFO:     Shutting down
INFO:     Waiting for application shutdown.
2026-05-15 22:03:29 INFO [-] app.main: Application shutdown complete
INFO:     Application shutdown complete.
INFO:     Finished server process [40209]
/Users/angelzamudio/Backend/.venv/lib/python3.14/site-packages/pydantic/_internal/_config.py:386: UserWarning: Valid config keys have changed in V2:
* 'orm_mode' has been renamed to 'from_attributes'
  warnings.warn(message, UserWarning)
INFO:     Started server process [40216]
INFO:     Waiting for application startup.
2026-05-15 22:03:29 INFO [-] app.main: Database tables created
2026-05-15 22:03:29 INFO [-] app.main: Application startup complete — Backend API 0.1.0
INFO:     Application startup complete.
WARNING:  WatchFiles detected changes in 'app/main.py'. Reloading...
INFO:     Shutting down
INFO:     Waiting for application shutdown.
2026-05-15 22:03:32 INFO [-] app.main: Application shutdown complete
INFO:     Application shutdown complete.
INFO:     Finished server process [40216]
/Users/angelzamudio/Backend/.venv/lib/python3.14/site-packages/pydantic/_internal/_config.py:386: UserWarning: Valid config keys have changed in V2:
* 'orm_mode' has been renamed to 'from_attributes'
  warnings.warn(message, UserWarning)
INFO:     Started server process [40222]
INFO:     Waiting for application startup.
2026-05-15 22:03:32 INFO [-] app.main: Database tables created
2026-05-15 22:03:32 INFO [-] app.main: Application startup complete — Backend API 0.1.0
INFO:     Application startup complete.
WARNING:  WatchFiles detected changes in 'app/schemas/simulation.py'. Reloading...
INFO:     Shutting down
INFO:     Waiting for application shutdown.
2026-05-15 22:05:28 INFO [-] app.main: Application shutdown complete
INFO:     Application shutdown complete.
INFO:     Finished server process [40222]
/Users/angelzamudio/Backend/.venv/lib/python3.14/site-packages/pydantic/_internal/_config.py:386: UserWarning: Valid config keys have changed in V2:
* 'orm_mode' has been renamed to 'from_attributes'
  warnings.warn(message, UserWarning)
INFO:     Started server process [40341]
INFO:     Waiting for application startup.
2026-05-15 22:05:29 INFO [-] app.main: Database tables created
2026-05-15 22:05:29 INFO [-] app.main: Application startup complete — Backend API 0.1.0
INFO:     Application startup complete.
WARNING:  WatchFiles detected changes in 'app/schemas/user.py'. Reloading...
INFO:     Shutting down
INFO:     Waiting for application shutdown.
2026-05-15 22:05:29 INFO [-] app.main: Application shutdown complete
INFO:     Application shutdown complete.
INFO:     Finished server process [40341]
INFO:     Started server process [40343]
INFO:     Waiting for application startup.
2026-05-15 22:05:30 INFO [-] app.main: Database tables created
2026-05-15 22:05:30 INFO [-] app.main: Application startup complete — Backend API 0.1.0
INFO:     Application startup complete.
